{"/Users/mattia/Desktop/kbc-icp-incubator-library/src/__shared__/constants/constants.ts": {"path":"/Users/mattia/Desktop/kbc-icp-incubator-library/src/__shared__/constants/constants.ts","all":true,"statementMap":{"0":{"start":{"line":1,"column":0},"end":{"line":1,"column":22}},"1":{"start":{"line":2,"column":0},"end":{"line":2,"column":90}},"2":{"start":{"line":3,"column":0},"end":{"line":3,"column":93}},"3":{"start":{"line":4,"column":0},"end":{"line":4,"column":0}},"4":{"start":{"line":5,"column":0},"end":{"line":5,"column":90}},"5":{"start":{"line":6,"column":0},"end":{"line":6,"column":93}},"6":{"start":{"line":7,"column":0},"end":{"line":7,"column":0}},"7":{"start":{"line":8,"column":0},"end":{"line":8,"column":32}},"8":{"start":{"line":9,"column":0},"end":{"line":9,"column":77}},"9":{"start":{"line":10,"column":0},"end":{"line":10,"column":33}},"10":{"start":{"line":11,"column":0},"end":{"line":11,"column":76}},"11":{"start":{"line":12,"column":0},"end":{"line":12,"column":2}},"12":{"start":{"line":13,"column":0},"end":{"line":13,"column":0}},"13":{"start":{"line":14,"column":0},"end":{"line":14,"column":20}},"14":{"start":{"line":15,"column":0},"end":{"line":15,"column":38}},"15":{"start":{"line":16,"column":0},"end":{"line":16,"column":0}},"16":{"start":{"line":17,"column":0},"end":{"line":17,"column":52}},"17":{"start":{"line":18,"column":0},"end":{"line":18,"column":61}},"18":{"start":{"line":19,"column":0},"end":{"line":19,"column":2}},"19":{"start":{"line":20,"column":0},"end":{"line":20,"column":0}},"20":{"start":{"line":21,"column":0},"end":{"line":21,"column":26}},"21":{"start":{"line":22,"column":0},"end":{"line":22,"column":63}},"22":{"start":{"line":23,"column":0},"end":{"line":23,"column":2}}},"s":{"0":0,"1":0,"2":0,"3":0,"4":0,"5":0,"6":0,"7":0,"8":0,"9":0,"10":0,"11":0,"12":0,"13":0,"14":0,"15":0,"16":0,"17":0,"18":0,"19":0,"20":0,"21":0,"22":0},"branchMap":{"0":{"type":"branch","line":1,"loc":{"start":{"line":1,"column":0},"end":{"line":23,"column":2}},"locations":[{"start":{"line":1,"column":0},"end":{"line":23,"column":2}}]}},"b":{"0":[0]},"fnMap":{"0":{"name":"(empty-report)","decl":{"start":{"line":1,"column":0},"end":{"line":23,"column":2}},"loc":{"start":{"line":1,"column":0},"end":{"line":23,"column":2}},"line":1}},"f":{"0":0}}
,"/Users/mattia/Desktop/kbc-icp-incubator-library/src/__shared__/constants/mock-data.ts": {"path":"/Users/mattia/Desktop/kbc-icp-incubator-library/src/__shared__/constants/mock-data.ts","all":true,"statementMap":{"0":{"start":{"line":1,"column":0},"end":{"line":1,"column":55}},"1":{"start":{"line":2,"column":0},"end":{"line":2,"column":56}},"2":{"start":{"line":3,"column":0},"end":{"line":3,"column":47}},"3":{"start":{"line":4,"column":0},"end":{"line":4,"column":59}},"4":{"start":{"line":5,"column":0},"end":{"line":5,"column":51}},"5":{"start":{"line":6,"column":0},"end":{"line":6,"column":70}},"6":{"start":{"line":7,"column":0},"end":{"line":7,"column":0}},"7":{"start":{"line":8,"column":0},"end":{"line":8,"column":37}},"8":{"start":{"line":9,"column":0},"end":{"line":9,"column":17}},"9":{"start":{"line":10,"column":0},"end":{"line":10,"column":20}},"10":{"start":{"line":11,"column":0},"end":{"line":11,"column":24}},"11":{"start":{"line":12,"column":0},"end":{"line":12,"column":2}},"12":{"start":{"line":13,"column":0},"end":{"line":13,"column":0}},"13":{"start":{"line":14,"column":0},"end":{"line":14,"column":63}},"14":{"start":{"line":15,"column":0},"end":{"line":15,"column":5}},"15":{"start":{"line":16,"column":0},"end":{"line":16,"column":38}},"16":{"start":{"line":17,"column":0},"end":{"line":17,"column":20}},"17":{"start":{"line":18,"column":0},"end":{"line":18,"column":20}},"18":{"start":{"line":19,"column":0},"end":{"line":19,"column":174}},"19":{"start":{"line":20,"column":0},"end":{"line":20,"column":6}},"20":{"start":{"line":21,"column":0},"end":{"line":21,"column":5}},"21":{"start":{"line":22,"column":0},"end":{"line":22,"column":34}},"22":{"start":{"line":23,"column":0},"end":{"line":23,"column":20}},"23":{"start":{"line":24,"column":0},"end":{"line":24,"column":20}},"24":{"start":{"line":25,"column":0},"end":{"line":25,"column":170}},"25":{"start":{"line":26,"column":0},"end":{"line":26,"column":5}},"26":{"start":{"line":27,"column":0},"end":{"line":27,"column":2}},"27":{"start":{"line":28,"column":0},"end":{"line":28,"column":0}},"28":{"start":{"line":29,"column":0},"end":{"line":29,"column":95}},"29":{"start":{"line":30,"column":0},"end":{"line":30,"column":95}},"30":{"start":{"line":31,"column":0},"end":{"line":31,"column":52}},"31":{"start":{"line":32,"column":0},"end":{"line":32,"column":62}},"32":{"start":{"line":33,"column":0},"end":{"line":33,"column":54}},"33":{"start":{"line":34,"column":0},"end":{"line":34,"column":54}},"34":{"start":{"line":35,"column":0},"end":{"line":35,"column":0}},"35":{"start":{"line":36,"column":0},"end":{"line":36,"column":71}},"36":{"start":{"line":37,"column":0},"end":{"line":37,"column":33}},"37":{"start":{"line":38,"column":0},"end":{"line":38,"column":33}},"38":{"start":{"line":39,"column":0},"end":{"line":39,"column":37}},"39":{"start":{"line":40,"column":0},"end":{"line":40,"column":20}},"40":{"start":{"line":41,"column":0},"end":{"line":41,"column":29}},"41":{"start":{"line":42,"column":0},"end":{"line":42,"column":21}},"42":{"start":{"line":43,"column":0},"end":{"line":43,"column":21}},"43":{"start":{"line":44,"column":0},"end":{"line":44,"column":32}},"44":{"start":{"line":45,"column":0},"end":{"line":45,"column":35}},"45":{"start":{"line":46,"column":0},"end":{"line":46,"column":21}},"46":{"start":{"line":47,"column":0},"end":{"line":47,"column":21}},"47":{"start":{"line":48,"column":0},"end":{"line":48,"column":27}},"48":{"start":{"line":49,"column":0},"end":{"line":49,"column":40}},"49":{"start":{"line":50,"column":0},"end":{"line":50,"column":37}},"50":{"start":{"line":51,"column":0},"end":{"line":51,"column":12}},"51":{"start":{"line":52,"column":0},"end":{"line":52,"column":9}},"52":{"start":{"line":53,"column":0},"end":{"line":53,"column":30}},"53":{"start":{"line":54,"column":0},"end":{"line":54,"column":25}},"54":{"start":{"line":55,"column":0},"end":{"line":55,"column":36}},"55":{"start":{"line":56,"column":0},"end":{"line":56,"column":20}},"56":{"start":{"line":57,"column":0},"end":{"line":57,"column":29}},"57":{"start":{"line":58,"column":0},"end":{"line":58,"column":27}},"58":{"start":{"line":59,"column":0},"end":{"line":59,"column":13}},"59":{"start":{"line":60,"column":0},"end":{"line":60,"column":9}},"60":{"start":{"line":61,"column":0},"end":{"line":61,"column":5}},"61":{"start":{"line":62,"column":0},"end":{"line":62,"column":3}},"62":{"start":{"line":63,"column":0},"end":{"line":63,"column":0}},"63":{"start":{"line":64,"column":0},"end":{"line":64,"column":56}},"64":{"start":{"line":65,"column":0},"end":{"line":65,"column":5}},"65":{"start":{"line":66,"column":0},"end":{"line":66,"column":48}},"66":{"start":{"line":67,"column":0},"end":{"line":67,"column":52}},"67":{"start":{"line":68,"column":0},"end":{"line":68,"column":36}},"68":{"start":{"line":69,"column":0},"end":{"line":69,"column":24}},"69":{"start":{"line":70,"column":0},"end":{"line":70,"column":28}},"70":{"start":{"line":71,"column":0},"end":{"line":71,"column":26}},"71":{"start":{"line":72,"column":0},"end":{"line":72,"column":26}},"72":{"start":{"line":73,"column":0},"end":{"line":73,"column":40}},"73":{"start":{"line":74,"column":0},"end":{"line":74,"column":37}},"74":{"start":{"line":75,"column":0},"end":{"line":75,"column":45}},"75":{"start":{"line":76,"column":0},"end":{"line":76,"column":44}},"76":{"start":{"line":77,"column":0},"end":{"line":77,"column":6}},"77":{"start":{"line":78,"column":0},"end":{"line":78,"column":5}},"78":{"start":{"line":79,"column":0},"end":{"line":79,"column":53}},"79":{"start":{"line":80,"column":0},"end":{"line":80,"column":55}},"80":{"start":{"line":81,"column":0},"end":{"line":81,"column":35}},"81":{"start":{"line":82,"column":0},"end":{"line":82,"column":23}},"82":{"start":{"line":83,"column":0},"end":{"line":83,"column":29}},"83":{"start":{"line":84,"column":0},"end":{"line":84,"column":31}},"84":{"start":{"line":85,"column":0},"end":{"line":85,"column":26}},"85":{"start":{"line":86,"column":0},"end":{"line":86,"column":40}},"86":{"start":{"line":87,"column":0},"end":{"line":87,"column":36}},"87":{"start":{"line":88,"column":0},"end":{"line":88,"column":44}},"88":{"start":{"line":89,"column":0},"end":{"line":89,"column":44}},"89":{"start":{"line":90,"column":0},"end":{"line":90,"column":5}},"90":{"start":{"line":91,"column":0},"end":{"line":91,"column":2}}},"s":{"0":0,"1":0,"2":0,"3":0,"4":0,"5":0,"6":0,"7":0,"8":0,"9":0,"10":0,"11":0,"12":0,"13":0,"14":0,"15":0,"16":0,"17":0,"18":0,"19":0,"20":0,"21":0,"22":0,"23":0,"24":0,"25":0,"26":0,"27":0,"28":0,"29":0,"30":0,"31":0,"32":0,"33":0,"34":0,"35":0,"36":0,"37":0,"38":0,"39":0,"40":0,"41":0,"42":0,"43":0,"44":0,"45":0,"46":0,"47":0,"48":0,"49":0,"50":0,"51":0,"52":0,"53":0,"54":0,"55":0,"56":0,"57":0,"58":0,"59":0,"60":0,"61":0,"62":0,"63":0,"64":0,"65":0,"66":0,"67":0,"68":0,"69":0,"70":0,"71":0,"72":0,"73":0,"74":0,"75":0,"76":0,"77":0,"78":0,"79":0,"80":0,"81":0,"82":0,"83":0,"84":0,"85":0,"86":0,"87":0,"88":0,"89":0,"90":0},"branchMap":{"0":{"type":"branch","line":1,"loc":{"start":{"line":1,"column":0},"end":{"line":91,"column":2}},"locations":[{"start":{"line":1,"column":0},"end":{"line":91,"column":2}}]}},"b":{"0":[0]},"fnMap":{"0":{"name":"(empty-report)","decl":{"start":{"line":1,"column":0},"end":{"line":91,"column":2}},"loc":{"start":{"line":1,"column":0},"end":{"line":91,"column":2}},"line":1}},"f":{"0":0}}
,"/Users/mattia/Desktop/kbc-icp-incubator-library/src/__shared__/helpers/AuthHelper.ts": {"path":"/Users/mattia/Desktop/kbc-icp-incubator-library/src/__shared__/helpers/AuthHelper.ts","all":true,"statementMap":{"0":{"start":{"line":1,"column":0},"end":{"line":1,"column":32}},"1":{"start":{"line":2,"column":0},"end":{"line":2,"column":74}},"2":{"start":{"line":3,"column":0},"end":{"line":3,"column":45}},"3":{"start":{"line":4,"column":0},"end":{"line":4,"column":74}},"4":{"start":{"line":5,"column":0},"end":{"line":5,"column":60}},"5":{"start":{"line":6,"column":0},"end":{"line":6,"column":0}},"6":{"start":{"line":7,"column":0},"end":{"line":7,"column":21}},"7":{"start":{"line":8,"column":0},"end":{"line":8,"column":23}},"8":{"start":{"line":9,"column":0},"end":{"line":9,"column":26}},"9":{"start":{"line":10,"column":0},"end":{"line":10,"column":47}},"10":{"start":{"line":11,"column":0},"end":{"line":11,"column":38}},"11":{"start":{"line":12,"column":0},"end":{"line":12,"column":2}},"12":{"start":{"line":13,"column":0},"end":{"line":13,"column":0}},"13":{"start":{"line":14,"column":0},"end":{"line":14,"column":34}},"14":{"start":{"line":15,"column":0},"end":{"line":15,"column":40}},"15":{"start":{"line":16,"column":0},"end":{"line":16,"column":31}},"16":{"start":{"line":17,"column":0},"end":{"line":17,"column":33}},"17":{"start":{"line":18,"column":0},"end":{"line":18,"column":26}},"18":{"start":{"line":19,"column":0},"end":{"line":19,"column":54}},"19":{"start":{"line":20,"column":0},"end":{"line":20,"column":60}},"20":{"start":{"line":21,"column":0},"end":{"line":21,"column":96}},"21":{"start":{"line":22,"column":0},"end":{"line":22,"column":52}},"22":{"start":{"line":23,"column":0},"end":{"line":23,"column":0}},"23":{"start":{"line":24,"column":0},"end":{"line":24,"column":62}},"24":{"start":{"line":25,"column":0},"end":{"line":25,"column":42}},"25":{"start":{"line":26,"column":0},"end":{"line":26,"column":43}},"26":{"start":{"line":27,"column":0},"end":{"line":27,"column":23}},"27":{"start":{"line":28,"column":0},"end":{"line":28,"column":10}},"28":{"start":{"line":29,"column":0},"end":{"line":29,"column":0}},"29":{"start":{"line":30,"column":0},"end":{"line":30,"column":83}},"30":{"start":{"line":31,"column":0},"end":{"line":31,"column":0}},"31":{"start":{"line":32,"column":0},"end":{"line":32,"column":80}},"32":{"start":{"line":33,"column":0},"end":{"line":33,"column":81}},"33":{"start":{"line":34,"column":0},"end":{"line":34,"column":6}},"34":{"start":{"line":35,"column":0},"end":{"line":35,"column":1}}},"s":{"0":0,"1":0,"2":0,"3":0,"4":0,"5":0,"6":0,"7":0,"8":0,"9":0,"10":0,"11":0,"12":0,"13":0,"14":0,"15":0,"16":0,"17":0,"18":0,"19":0,"20":0,"21":0,"22":0,"23":0,"24":0,"25":0,"26":0,"27":0,"28":0,"29":0,"30":0,"31":0,"32":0,"33":0,"34":0},"branchMap":{"0":{"type":"branch","line":1,"loc":{"start":{"line":1,"column":0},"end":{"line":35,"column":1}},"locations":[{"start":{"line":1,"column":0},"end":{"line":35,"column":1}}]}},"b":{"0":[0]},"fnMap":{"0":{"name":"(empty-report)","decl":{"start":{"line":1,"column":0},"end":{"line":35,"column":1}},"loc":{"start":{"line":1,"column":0},"end":{"line":35,"column":1}},"line":1}},"f":{"0":0}}
,"/Users/mattia/Desktop/kbc-icp-incubator-library/src/__shared__/helpers/DateHelper.ts": {"path":"/Users/mattia/Desktop/kbc-icp-incubator-library/src/__shared__/helpers/DateHelper.ts","all":true,"statementMap":{"0":{"start":{"line":1,"column":0},"end":{"line":1,"column":34}},"1":{"start":{"line":2,"column":0},"end":{"line":2,"column":84}},"2":{"start":{"line":3,"column":0},"end":{"line":3,"column":39}},"3":{"start":{"line":4,"column":0},"end":{"line":4,"column":50}},"4":{"start":{"line":5,"column":0},"end":{"line":5,"column":23}},"5":{"start":{"line":6,"column":0},"end":{"line":6,"column":6}},"6":{"start":{"line":7,"column":0},"end":{"line":7,"column":1}}},"s":{"0":0,"1":0,"2":0,"3":0,"4":0,"5":0,"6":0},"branchMap":{"0":{"type":"branch","line":1,"loc":{"start":{"line":1,"column":0},"end":{"line":7,"column":1}},"locations":[{"start":{"line":1,"column":0},"end":{"line":7,"column":1}}]}},"b":{"0":[0]},"fnMap":{"0":{"name":"(empty-report)","decl":{"start":{"line":1,"column":0},"end":{"line":7,"column":1}},"loc":{"start":{"line":1,"column":0},"end":{"line":7,"column":1}},"line":1}},"f":{"0":0}}
,"/Users/mattia/Desktop/kbc-icp-incubator-library/src/__shared__/helpers/EthereumHelper.ts": {"path":"/Users/mattia/Desktop/kbc-icp-incubator-library/src/__shared__/helpers/EthereumHelper.ts","all":true,"statementMap":{"0":{"start":{"line":1,"column":0},"end":{"line":1,"column":32}},"1":{"start":{"line":2,"column":0},"end":{"line":2,"column":0}},"2":{"start":{"line":3,"column":0},"end":{"line":3,"column":38}},"3":{"start":{"line":4,"column":0},"end":{"line":4,"column":78}},"4":{"start":{"line":5,"column":0},"end":{"line":5,"column":46}},"5":{"start":{"line":6,"column":0},"end":{"line":6,"column":30}},"6":{"start":{"line":7,"column":0},"end":{"line":7,"column":6}},"7":{"start":{"line":8,"column":0},"end":{"line":8,"column":1}}},"s":{"0":0,"1":0,"2":0,"3":0,"4":0,"5":0,"6":0,"7":0},"branchMap":{"0":{"type":"branch","line":1,"loc":{"start":{"line":1,"column":0},"end":{"line":8,"column":1}},"locations":[{"start":{"line":1,"column":0},"end":{"line":8,"column":1}}]}},"b":{"0":[0]},"fnMap":{"0":{"name":"(empty-report)","decl":{"start":{"line":1,"column":0},"end":{"line":8,"column":1}},"loc":{"start":{"line":1,"column":0},"end":{"line":8,"column":1}},"line":1}},"f":{"0":0}}
,"/Users/mattia/Desktop/kbc-icp-incubator-library/src/__testUtils__/proof.ts": {"path":"/Users/mattia/Desktop/kbc-icp-incubator-library/src/__testUtils__/proof.ts","all":true,"statementMap":{"0":{"start":{"line":1,"column":0},"end":{"line":1,"column":32}},"1":{"start":{"line":2,"column":0},"end":{"line":2,"column":47}},"2":{"start":{"line":3,"column":0},"end":{"line":3,"column":76}},"3":{"start":{"line":4,"column":0},"end":{"line":4,"column":0}},"4":{"start":{"line":5,"column":0},"end":{"line":5,"column":33}},"5":{"start":{"line":6,"column":0},"end":{"line":6,"column":70}},"6":{"start":{"line":7,"column":0},"end":{"line":7,"column":2}},"7":{"start":{"line":8,"column":0},"end":{"line":8,"column":35}},"8":{"start":{"line":9,"column":0},"end":{"line":9,"column":73}},"9":{"start":{"line":10,"column":0},"end":{"line":10,"column":59}},"10":{"start":{"line":11,"column":0},"end":{"line":11,"column":22}},"11":{"start":{"line":12,"column":0},"end":{"line":12,"column":36}},"12":{"start":{"line":13,"column":0},"end":{"line":13,"column":73}},"13":{"start":{"line":14,"column":0},"end":{"line":14,"column":0}},"14":{"start":{"line":15,"column":0},"end":{"line":15,"column":38}},"15":{"start":{"line":16,"column":0},"end":{"line":16,"column":24}},"16":{"start":{"line":17,"column":0},"end":{"line":17,"column":25}},"17":{"start":{"line":18,"column":0},"end":{"line":18,"column":26}},"18":{"start":{"line":19,"column":0},"end":{"line":19,"column":45}},"19":{"start":{"line":20,"column":0},"end":{"line":20,"column":22}},"20":{"start":{"line":21,"column":0},"end":{"line":21,"column":20}},"21":{"start":{"line":22,"column":0},"end":{"line":22,"column":13}},"22":{"start":{"line":23,"column":0},"end":{"line":23,"column":36}},"23":{"start":{"line":24,"column":0},"end":{"line":24,"column":19}},"24":{"start":{"line":25,"column":0},"end":{"line":25,"column":6}},"25":{"start":{"line":26,"column":0},"end":{"line":26,"column":57}},"26":{"start":{"line":27,"column":0},"end":{"line":27,"column":22}},"27":{"start":{"line":28,"column":0},"end":{"line":28,"column":30}},"28":{"start":{"line":29,"column":0},"end":{"line":29,"column":37}},"29":{"start":{"line":30,"column":0},"end":{"line":30,"column":19}},"30":{"start":{"line":31,"column":0},"end":{"line":31,"column":6}},"31":{"start":{"line":32,"column":0},"end":{"line":32,"column":0}},"32":{"start":{"line":33,"column":0},"end":{"line":33,"column":12}},"33":{"start":{"line":34,"column":0},"end":{"line":34,"column":43}},"34":{"start":{"line":35,"column":0},"end":{"line":35,"column":27}},"35":{"start":{"line":36,"column":0},"end":{"line":36,"column":62}},"36":{"start":{"line":37,"column":0},"end":{"line":37,"column":50}},"37":{"start":{"line":38,"column":0},"end":{"line":38,"column":41}},"38":{"start":{"line":39,"column":0},"end":{"line":39,"column":26}},"39":{"start":{"line":40,"column":0},"end":{"line":40,"column":53}},"40":{"start":{"line":41,"column":0},"end":{"line":41,"column":68}},"41":{"start":{"line":42,"column":0},"end":{"line":42,"column":55}},"42":{"start":{"line":43,"column":0},"end":{"line":43,"column":41}},"43":{"start":{"line":44,"column":0},"end":{"line":44,"column":9}},"44":{"start":{"line":45,"column":0},"end":{"line":45,"column":6}},"45":{"start":{"line":46,"column":0},"end":{"line":46,"column":2}}},"s":{"0":0,"1":0,"2":0,"3":0,"4":0,"5":0,"6":0,"7":0,"8":0,"9":0,"10":0,"11":0,"12":0,"13":0,"14":0,"15":0,"16":0,"17":0,"18":0,"19":0,"20":0,"21":0,"22":0,"23":0,"24":0,"25":0,"26":0,"27":0,"28":0,"29":0,"30":0,"31":0,"32":0,"33":0,"34":0,"35":0,"36":0,"37":0,"38":0,"39":0,"40":0,"41":0,"42":0,"43":0,"44":0,"45":0},"branchMap":{"0":{"type":"branch","line":1,"loc":{"start":{"line":1,"column":0},"end":{"line":46,"column":2}},"locations":[{"start":{"line":1,"column":0},"end":{"line":46,"column":2}}]}},"b":{"0":[0]},"fnMap":{"0":{"name":"(empty-report)","decl":{"start":{"line":1,"column":0},"end":{"line":46,"column":2}},"loc":{"start":{"line":1,"column":0},"end":{"line":46,"column":2}},"line":1}},"f":{"0":0}}
,"/Users/mattia/Desktop/kbc-icp-incubator-library/src/constants/ICP.ts": {"path":"/Users/mattia/Desktop/kbc-icp-incubator-library/src/constants/ICP.ts","all":true,"statementMap":{"0":{"start":{"line":1,"column":0},"end":{"line":1,"column":2}},"1":{"start":{"line":2,"column":0},"end":{"line":2,"column":58}},"2":{"start":{"line":3,"column":0},"end":{"line":3,"column":15}},"3":{"start":{"line":4,"column":0},"end":{"line":4,"column":43}},"4":{"start":{"line":5,"column":0},"end":{"line":5,"column":35}},"5":{"start":{"line":6,"column":0},"end":{"line":6,"column":47}},"6":{"start":{"line":7,"column":0},"end":{"line":7,"column":36}},"7":{"start":{"line":8,"column":0},"end":{"line":8,"column":34}},"8":{"start":{"line":9,"column":0},"end":{"line":9,"column":21}},"9":{"start":{"line":10,"column":0},"end":{"line":10,"column":0}},"10":{"start":{"line":11,"column":0},"end":{"line":11,"column":9}},"11":{"start":{"line":12,"column":0},"end":{"line":12,"column":106}},"12":{"start":{"line":13,"column":0},"end":{"line":13,"column":106}},"13":{"start":{"line":14,"column":0},"end":{"line":14,"column":3}},"14":{"start":{"line":15,"column":0},"end":{"line":15,"column":0}},"15":{"start":{"line":16,"column":0},"end":{"line":16,"column":29}},"16":{"start":{"line":17,"column":0},"end":{"line":17,"column":20}},"17":{"start":{"line":18,"column":0},"end":{"line":18,"column":22}},"18":{"start":{"line":19,"column":0},"end":{"line":19,"column":37}},"19":{"start":{"line":20,"column":0},"end":{"line":20,"column":24}},"20":{"start":{"line":21,"column":0},"end":{"line":21,"column":35}},"21":{"start":{"line":22,"column":0},"end":{"line":22,"column":33}},"22":{"start":{"line":23,"column":0},"end":{"line":23,"column":20}},"23":{"start":{"line":24,"column":0},"end":{"line":24,"column":32}},"24":{"start":{"line":25,"column":0},"end":{"line":25,"column":28}},"25":{"start":{"line":26,"column":0},"end":{"line":26,"column":24}},"26":{"start":{"line":27,"column":0},"end":{"line":27,"column":30}},"27":{"start":{"line":28,"column":0},"end":{"line":28,"column":6}},"28":{"start":{"line":29,"column":0},"end":{"line":29,"column":18}},"29":{"start":{"line":30,"column":0},"end":{"line":30,"column":2}},"30":{"start":{"line":31,"column":0},"end":{"line":31,"column":0}},"31":{"start":{"line":32,"column":0},"end":{"line":32,"column":36}},"32":{"start":{"line":33,"column":0},"end":{"line":33,"column":19}},"33":{"start":{"line":34,"column":0},"end":{"line":34,"column":23}},"34":{"start":{"line":35,"column":0},"end":{"line":35,"column":22}},"35":{"start":{"line":36,"column":0},"end":{"line":36,"column":16}},"36":{"start":{"line":37,"column":0},"end":{"line":37,"column":2}}},"s":{"0":0,"1":0,"2":0,"3":0,"4":0,"5":0,"6":0,"7":0,"8":0,"9":0,"10":0,"11":0,"12":0,"13":0,"14":0,"15":0,"16":0,"17":0,"18":0,"19":0,"20":0,"21":0,"22":0,"23":0,"24":0,"25":0,"26":0,"27":0,"28":0,"29":0,"30":0,"31":0,"32":0,"33":0,"34":0,"35":0,"36":0},"branchMap":{"0":{"type":"branch","line":1,"loc":{"start":{"line":1,"column":0},"end":{"line":37,"column":2}},"locations":[{"start":{"line":1,"column":0},"end":{"line":37,"column":2}}]}},"b":{"0":[0]},"fnMap":{"0":{"name":"(empty-report)","decl":{"start":{"line":1,"column":0},"end":{"line":37,"column":2}},"loc":{"start":{"line":1,"column":0},"end":{"line":37,"column":2}},"line":1}},"f":{"0":0}}
,"/Users/mattia/Desktop/kbc-icp-incubator-library/src/declarations/entity_manager/entity_manager.did.d.ts": {"path":"/Users/mattia/Desktop/kbc-icp-incubator-library/src/declarations/entity_manager/entity_manager.did.d.ts","all":true,"statementMap":{"0":{"start":{"line":1,"column":0},"end":{"line":1,"column":52}},"1":{"start":{"line":2,"column":0},"end":{"line":2,"column":50}},"2":{"start":{"line":3,"column":0},"end":{"line":3,"column":43}},"3":{"start":{"line":4,"column":0},"end":{"line":4,"column":0}},"4":{"start":{"line":5,"column":0},"end":{"line":5,"column":27}},"5":{"start":{"line":6,"column":0},"end":{"line":6,"column":30}},"6":{"start":{"line":7,"column":0},"end":{"line":7,"column":5}},"7":{"start":{"line":8,"column":0},"end":{"line":8,"column":13}},"8":{"start":{"line":9,"column":0},"end":{"line":9,"column":40}},"9":{"start":{"line":10,"column":0},"end":{"line":10,"column":54}},"10":{"start":{"line":11,"column":0},"end":{"line":11,"column":44}},"11":{"start":{"line":12,"column":0},"end":{"line":12,"column":48}},"12":{"start":{"line":13,"column":0},"end":{"line":13,"column":36}},"13":{"start":{"line":14,"column":0},"end":{"line":14,"column":60}},"14":{"start":{"line":15,"column":0},"end":{"line":15,"column":30}},"15":{"start":{"line":16,"column":0},"end":{"line":16,"column":45}},"16":{"start":{"line":17,"column":0},"end":{"line":17,"column":43}},"17":{"start":{"line":18,"column":0},"end":{"line":18,"column":37}},"18":{"start":{"line":19,"column":0},"end":{"line":19,"column":41}},"19":{"start":{"line":20,"column":0},"end":{"line":20,"column":50}},"20":{"start":{"line":21,"column":0},"end":{"line":21,"column":57}},"21":{"start":{"line":22,"column":0},"end":{"line":22,"column":37}},"22":{"start":{"line":23,"column":0},"end":{"line":23,"column":45}},"23":{"start":{"line":24,"column":0},"end":{"line":24,"column":52}},"24":{"start":{"line":25,"column":0},"end":{"line":25,"column":36}},"25":{"start":{"line":26,"column":0},"end":{"line":26,"column":41}},"26":{"start":{"line":27,"column":0},"end":{"line":27,"column":41}},"27":{"start":{"line":28,"column":0},"end":{"line":28,"column":13}},"28":{"start":{"line":29,"column":0},"end":{"line":29,"column":6}},"29":{"start":{"line":30,"column":0},"end":{"line":30,"column":5}},"30":{"start":{"line":31,"column":0},"end":{"line":31,"column":20}},"31":{"start":{"line":32,"column":0},"end":{"line":32,"column":41}},"32":{"start":{"line":33,"column":0},"end":{"line":33,"column":26}},"33":{"start":{"line":34,"column":0},"end":{"line":34,"column":9}},"34":{"start":{"line":35,"column":0},"end":{"line":35,"column":44}},"35":{"start":{"line":36,"column":0},"end":{"line":36,"column":58}},"36":{"start":{"line":37,"column":0},"end":{"line":37,"column":48}},"37":{"start":{"line":38,"column":0},"end":{"line":38,"column":52}},"38":{"start":{"line":39,"column":0},"end":{"line":39,"column":40}},"39":{"start":{"line":40,"column":0},"end":{"line":40,"column":64}},"40":{"start":{"line":41,"column":0},"end":{"line":41,"column":34}},"41":{"start":{"line":42,"column":0},"end":{"line":42,"column":49}},"42":{"start":{"line":43,"column":0},"end":{"line":43,"column":47}},"43":{"start":{"line":44,"column":0},"end":{"line":44,"column":41}},"44":{"start":{"line":45,"column":0},"end":{"line":45,"column":45}},"45":{"start":{"line":46,"column":0},"end":{"line":46,"column":54}},"46":{"start":{"line":47,"column":0},"end":{"line":47,"column":61}},"47":{"start":{"line":48,"column":0},"end":{"line":48,"column":41}},"48":{"start":{"line":49,"column":0},"end":{"line":49,"column":49}},"49":{"start":{"line":50,"column":0},"end":{"line":50,"column":56}},"50":{"start":{"line":51,"column":0},"end":{"line":51,"column":40}},"51":{"start":{"line":52,"column":0},"end":{"line":52,"column":45}},"52":{"start":{"line":53,"column":0},"end":{"line":53,"column":45}},"53":{"start":{"line":54,"column":0},"end":{"line":54,"column":16}},"54":{"start":{"line":55,"column":0},"end":{"line":55,"column":13}},"55":{"start":{"line":56,"column":0},"end":{"line":56,"column":28}},"56":{"start":{"line":57,"column":0},"end":{"line":57,"column":65}},"57":{"start":{"line":58,"column":0},"end":{"line":58,"column":62}},"58":{"start":{"line":59,"column":0},"end":{"line":59,"column":52}},"59":{"start":{"line":60,"column":0},"end":{"line":60,"column":56}},"60":{"start":{"line":61,"column":0},"end":{"line":61,"column":44}},"61":{"start":{"line":62,"column":0},"end":{"line":62,"column":68}},"62":{"start":{"line":63,"column":0},"end":{"line":63,"column":38}},"63":{"start":{"line":64,"column":0},"end":{"line":64,"column":53}},"64":{"start":{"line":65,"column":0},"end":{"line":65,"column":51}},"65":{"start":{"line":66,"column":0},"end":{"line":66,"column":45}},"66":{"start":{"line":67,"column":0},"end":{"line":67,"column":49}},"67":{"start":{"line":68,"column":0},"end":{"line":68,"column":58}},"68":{"start":{"line":69,"column":0},"end":{"line":69,"column":65}},"69":{"start":{"line":70,"column":0},"end":{"line":70,"column":45}},"70":{"start":{"line":71,"column":0},"end":{"line":71,"column":53}},"71":{"start":{"line":72,"column":0},"end":{"line":72,"column":60}},"72":{"start":{"line":73,"column":0},"end":{"line":73,"column":44}},"73":{"start":{"line":74,"column":0},"end":{"line":74,"column":49}},"74":{"start":{"line":75,"column":0},"end":{"line":75,"column":49}},"75":{"start":{"line":76,"column":0},"end":{"line":76,"column":37}},"76":{"start":{"line":77,"column":0},"end":{"line":77,"column":62}},"77":{"start":{"line":78,"column":0},"end":{"line":78,"column":44}},"78":{"start":{"line":79,"column":0},"end":{"line":79,"column":38}},"79":{"start":{"line":80,"column":0},"end":{"line":80,"column":36}},"80":{"start":{"line":81,"column":0},"end":{"line":81,"column":13}},"81":{"start":{"line":82,"column":0},"end":{"line":82,"column":12}},"82":{"start":{"line":83,"column":0},"end":{"line":83,"column":9}},"83":{"start":{"line":84,"column":0},"end":{"line":84,"column":8}},"84":{"start":{"line":85,"column":0},"end":{"line":85,"column":61}},"85":{"start":{"line":86,"column":0},"end":{"line":86,"column":36}},"86":{"start":{"line":87,"column":0},"end":{"line":87,"column":30}},"87":{"start":{"line":88,"column":0},"end":{"line":88,"column":43}},"88":{"start":{"line":89,"column":0},"end":{"line":89,"column":31}},"89":{"start":{"line":90,"column":0},"end":{"line":90,"column":32}},"90":{"start":{"line":91,"column":0},"end":{"line":91,"column":26}},"91":{"start":{"line":92,"column":0},"end":{"line":92,"column":27}},"92":{"start":{"line":93,"column":0},"end":{"line":93,"column":28}},"93":{"start":{"line":94,"column":0},"end":{"line":94,"column":29}},"94":{"start":{"line":95,"column":0},"end":{"line":95,"column":34}},"95":{"start":{"line":96,"column":0},"end":{"line":96,"column":32}},"96":{"start":{"line":97,"column":0},"end":{"line":97,"column":29}},"97":{"start":{"line":98,"column":0},"end":{"line":98,"column":32}},"98":{"start":{"line":99,"column":0},"end":{"line":99,"column":26}},"99":{"start":{"line":100,"column":0},"end":{"line":100,"column":60}},"100":{"start":{"line":101,"column":0},"end":{"line":101,"column":36}},"101":{"start":{"line":102,"column":0},"end":{"line":102,"column":30}},"102":{"start":{"line":103,"column":0},"end":{"line":103,"column":37}},"103":{"start":{"line":104,"column":0},"end":{"line":104,"column":23}},"104":{"start":{"line":105,"column":0},"end":{"line":105,"column":32}},"105":{"start":{"line":106,"column":0},"end":{"line":106,"column":30}},"106":{"start":{"line":107,"column":0},"end":{"line":107,"column":61}},"107":{"start":{"line":108,"column":0},"end":{"line":108,"column":36}},"108":{"start":{"line":109,"column":0},"end":{"line":109,"column":30}},"109":{"start":{"line":110,"column":0},"end":{"line":110,"column":38}},"110":{"start":{"line":111,"column":0},"end":{"line":111,"column":5}},"111":{"start":{"line":112,"column":0},"end":{"line":112,"column":4}},"112":{"start":{"line":113,"column":0},"end":{"line":113,"column":31}},"113":{"start":{"line":114,"column":0},"end":{"line":114,"column":5}},"114":{"start":{"line":115,"column":0},"end":{"line":115,"column":7}},"115":{"start":{"line":116,"column":0},"end":{"line":116,"column":44}},"116":{"start":{"line":117,"column":0},"end":{"line":117,"column":48}},"117":{"start":{"line":118,"column":0},"end":{"line":118,"column":24}},"118":{"start":{"line":119,"column":0},"end":{"line":119,"column":26}},"119":{"start":{"line":120,"column":0},"end":{"line":120,"column":29}},"120":{"start":{"line":121,"column":0},"end":{"line":121,"column":28}},"121":{"start":{"line":122,"column":0},"end":{"line":122,"column":47}},"122":{"start":{"line":123,"column":0},"end":{"line":123,"column":51}},"123":{"start":{"line":124,"column":0},"end":{"line":124,"column":33}},"124":{"start":{"line":125,"column":0},"end":{"line":125,"column":38}},"125":{"start":{"line":126,"column":0},"end":{"line":126,"column":10}},"126":{"start":{"line":127,"column":0},"end":{"line":127,"column":31}},"127":{"start":{"line":128,"column":0},"end":{"line":128,"column":8}},"128":{"start":{"line":129,"column":0},"end":{"line":129,"column":6}},"129":{"start":{"line":130,"column":0},"end":{"line":130,"column":13}},"130":{"start":{"line":131,"column":0},"end":{"line":131,"column":4}},"131":{"start":{"line":132,"column":0},"end":{"line":132,"column":33}},"132":{"start":{"line":133,"column":0},"end":{"line":133,"column":13}},"133":{"start":{"line":134,"column":0},"end":{"line":134,"column":5}},"134":{"start":{"line":135,"column":0},"end":{"line":135,"column":20}},"135":{"start":{"line":136,"column":0},"end":{"line":136,"column":27}},"136":{"start":{"line":137,"column":0},"end":{"line":137,"column":22}},"137":{"start":{"line":138,"column":0},"end":{"line":138,"column":27}},"138":{"start":{"line":139,"column":0},"end":{"line":139,"column":24}},"139":{"start":{"line":140,"column":0},"end":{"line":140,"column":31}},"140":{"start":{"line":141,"column":0},"end":{"line":141,"column":8}},"141":{"start":{"line":142,"column":0},"end":{"line":142,"column":5}},"142":{"start":{"line":143,"column":0},"end":{"line":143,"column":4}},"143":{"start":{"line":144,"column":0},"end":{"line":144,"column":30}},"144":{"start":{"line":145,"column":0},"end":{"line":145,"column":13}},"145":{"start":{"line":146,"column":0},"end":{"line":146,"column":5}},"146":{"start":{"line":147,"column":0},"end":{"line":147,"column":20}},"147":{"start":{"line":148,"column":0},"end":{"line":148,"column":27}},"148":{"start":{"line":149,"column":0},"end":{"line":149,"column":22}},"149":{"start":{"line":150,"column":0},"end":{"line":150,"column":27}},"150":{"start":{"line":151,"column":0},"end":{"line":151,"column":24}},"151":{"start":{"line":152,"column":0},"end":{"line":152,"column":31}},"152":{"start":{"line":153,"column":0},"end":{"line":153,"column":8}},"153":{"start":{"line":154,"column":0},"end":{"line":154,"column":23}},"154":{"start":{"line":155,"column":0},"end":{"line":155,"column":5}},"155":{"start":{"line":156,"column":0},"end":{"line":156,"column":4}},"156":{"start":{"line":157,"column":0},"end":{"line":157,"column":30}},"157":{"start":{"line":158,"column":0},"end":{"line":158,"column":5}},"158":{"start":{"line":159,"column":0},"end":{"line":159,"column":13}},"159":{"start":{"line":160,"column":0},"end":{"line":160,"column":13}},"160":{"start":{"line":161,"column":0},"end":{"line":161,"column":13}},"161":{"start":{"line":162,"column":0},"end":{"line":162,"column":13}},"162":{"start":{"line":163,"column":0},"end":{"line":163,"column":13}},"163":{"start":{"line":164,"column":0},"end":{"line":164,"column":13}},"164":{"start":{"line":165,"column":0},"end":{"line":165,"column":13}},"165":{"start":{"line":166,"column":0},"end":{"line":166,"column":13}},"166":{"start":{"line":167,"column":0},"end":{"line":167,"column":13}},"167":{"start":{"line":168,"column":0},"end":{"line":168,"column":13}},"168":{"start":{"line":169,"column":0},"end":{"line":169,"column":13}},"169":{"start":{"line":170,"column":0},"end":{"line":170,"column":13}},"170":{"start":{"line":171,"column":0},"end":{"line":171,"column":13}},"171":{"start":{"line":172,"column":0},"end":{"line":172,"column":13}},"172":{"start":{"line":173,"column":0},"end":{"line":173,"column":12}},"173":{"start":{"line":174,"column":0},"end":{"line":174,"column":9}},"174":{"start":{"line":175,"column":0},"end":{"line":175,"column":39}},"175":{"start":{"line":176,"column":0},"end":{"line":176,"column":26}},"176":{"start":{"line":177,"column":0},"end":{"line":177,"column":30}},"177":{"start":{"line":178,"column":0},"end":{"line":178,"column":59}},"178":{"start":{"line":179,"column":0},"end":{"line":179,"column":9}},"179":{"start":{"line":180,"column":0},"end":{"line":180,"column":8}},"180":{"start":{"line":181,"column":0},"end":{"line":181,"column":6}},"181":{"start":{"line":182,"column":0},"end":{"line":182,"column":5}},"182":{"start":{"line":183,"column":0},"end":{"line":183,"column":20}},"183":{"start":{"line":184,"column":0},"end":{"line":184,"column":25}},"184":{"start":{"line":185,"column":0},"end":{"line":185,"column":39}},"185":{"start":{"line":186,"column":0},"end":{"line":186,"column":30}},"186":{"start":{"line":187,"column":0},"end":{"line":187,"column":31}},"187":{"start":{"line":188,"column":0},"end":{"line":188,"column":25}},"188":{"start":{"line":189,"column":0},"end":{"line":189,"column":34}},"189":{"start":{"line":190,"column":0},"end":{"line":190,"column":23}},"190":{"start":{"line":191,"column":0},"end":{"line":191,"column":26}},"191":{"start":{"line":192,"column":0},"end":{"line":192,"column":33}},"192":{"start":{"line":193,"column":0},"end":{"line":193,"column":26}},"193":{"start":{"line":194,"column":0},"end":{"line":194,"column":30}},"194":{"start":{"line":195,"column":0},"end":{"line":195,"column":22}},"195":{"start":{"line":196,"column":0},"end":{"line":196,"column":9}},"196":{"start":{"line":197,"column":0},"end":{"line":197,"column":31}},"197":{"start":{"line":198,"column":0},"end":{"line":198,"column":26}},"198":{"start":{"line":199,"column":0},"end":{"line":199,"column":31}},"199":{"start":{"line":200,"column":0},"end":{"line":200,"column":28}},"200":{"start":{"line":201,"column":0},"end":{"line":201,"column":35}},"201":{"start":{"line":202,"column":0},"end":{"line":202,"column":12}},"202":{"start":{"line":203,"column":0},"end":{"line":203,"column":26}},"203":{"start":{"line":204,"column":0},"end":{"line":204,"column":30}},"204":{"start":{"line":205,"column":0},"end":{"line":205,"column":59}},"205":{"start":{"line":206,"column":0},"end":{"line":206,"column":9}},"206":{"start":{"line":207,"column":0},"end":{"line":207,"column":8}},"207":{"start":{"line":208,"column":0},"end":{"line":208,"column":30}},"208":{"start":{"line":209,"column":0},"end":{"line":209,"column":27}},"209":{"start":{"line":210,"column":0},"end":{"line":210,"column":30}},"210":{"start":{"line":211,"column":0},"end":{"line":211,"column":35}},"211":{"start":{"line":212,"column":0},"end":{"line":212,"column":34}},"212":{"start":{"line":213,"column":0},"end":{"line":213,"column":35}},"213":{"start":{"line":214,"column":0},"end":{"line":214,"column":30}},"214":{"start":{"line":215,"column":0},"end":{"line":215,"column":42}},"215":{"start":{"line":216,"column":0},"end":{"line":216,"column":5}},"216":{"start":{"line":217,"column":0},"end":{"line":217,"column":4}},"217":{"start":{"line":218,"column":0},"end":{"line":218,"column":37}},"218":{"start":{"line":219,"column":0},"end":{"line":219,"column":5}},"219":{"start":{"line":220,"column":0},"end":{"line":220,"column":13}},"220":{"start":{"line":221,"column":0},"end":{"line":221,"column":13}},"221":{"start":{"line":222,"column":0},"end":{"line":222,"column":13}},"222":{"start":{"line":223,"column":0},"end":{"line":223,"column":13}},"223":{"start":{"line":224,"column":0},"end":{"line":224,"column":13}},"224":{"start":{"line":225,"column":0},"end":{"line":225,"column":13}},"225":{"start":{"line":226,"column":0},"end":{"line":226,"column":13}},"226":{"start":{"line":227,"column":0},"end":{"line":227,"column":29}},"227":{"start":{"line":228,"column":0},"end":{"line":228,"column":31}},"228":{"start":{"line":229,"column":0},"end":{"line":229,"column":29}},"229":{"start":{"line":230,"column":0},"end":{"line":230,"column":13}},"230":{"start":{"line":231,"column":0},"end":{"line":231,"column":13}},"231":{"start":{"line":232,"column":0},"end":{"line":232,"column":13}},"232":{"start":{"line":233,"column":0},"end":{"line":233,"column":6}},"233":{"start":{"line":234,"column":0},"end":{"line":234,"column":5}},"234":{"start":{"line":235,"column":0},"end":{"line":235,"column":31}},"235":{"start":{"line":236,"column":0},"end":{"line":236,"column":28}},"236":{"start":{"line":237,"column":0},"end":{"line":237,"column":29}},"237":{"start":{"line":238,"column":0},"end":{"line":238,"column":35}},"238":{"start":{"line":239,"column":0},"end":{"line":239,"column":21}},"239":{"start":{"line":240,"column":0},"end":{"line":240,"column":31}},"240":{"start":{"line":241,"column":0},"end":{"line":241,"column":33}},"241":{"start":{"line":242,"column":0},"end":{"line":242,"column":30}},"242":{"start":{"line":243,"column":0},"end":{"line":243,"column":8}},"243":{"start":{"line":244,"column":0},"end":{"line":244,"column":30}},"244":{"start":{"line":245,"column":0},"end":{"line":245,"column":27}},"245":{"start":{"line":246,"column":0},"end":{"line":246,"column":36}},"246":{"start":{"line":247,"column":0},"end":{"line":247,"column":41}},"247":{"start":{"line":248,"column":0},"end":{"line":248,"column":32}},"248":{"start":{"line":249,"column":0},"end":{"line":249,"column":46}},"249":{"start":{"line":250,"column":0},"end":{"line":250,"column":28}},"250":{"start":{"line":251,"column":0},"end":{"line":251,"column":30}},"251":{"start":{"line":252,"column":0},"end":{"line":252,"column":34}},"252":{"start":{"line":253,"column":0},"end":{"line":253,"column":5}},"253":{"start":{"line":254,"column":0},"end":{"line":254,"column":4}},"254":{"start":{"line":255,"column":0},"end":{"line":255,"column":40}},"255":{"start":{"line":256,"column":0},"end":{"line":256,"column":29}},"256":{"start":{"line":257,"column":0},"end":{"line":257,"column":5}},"257":{"start":{"line":258,"column":0},"end":{"line":258,"column":20}},"258":{"start":{"line":259,"column":0},"end":{"line":259,"column":25}},"259":{"start":{"line":260,"column":0},"end":{"line":260,"column":22}},"260":{"start":{"line":261,"column":0},"end":{"line":261,"column":29}},"261":{"start":{"line":262,"column":0},"end":{"line":262,"column":5}},"262":{"start":{"line":263,"column":0},"end":{"line":263,"column":4}},"263":{"start":{"line":264,"column":0},"end":{"line":264,"column":49}},"264":{"start":{"line":265,"column":0},"end":{"line":265,"column":56}},"265":{"start":{"line":266,"column":0},"end":{"line":266,"column":59}},"266":{"start":{"line":267,"column":0},"end":{"line":267,"column":31}},"267":{"start":{"line":268,"column":0},"end":{"line":268,"column":21}},"268":{"start":{"line":269,"column":0},"end":{"line":269,"column":5}},"269":{"start":{"line":270,"column":0},"end":{"line":270,"column":20}},"270":{"start":{"line":271,"column":0},"end":{"line":271,"column":41}},"271":{"start":{"line":272,"column":0},"end":{"line":272,"column":26}},"272":{"start":{"line":273,"column":0},"end":{"line":273,"column":9}},"273":{"start":{"line":274,"column":0},"end":{"line":274,"column":44}},"274":{"start":{"line":275,"column":0},"end":{"line":275,"column":58}},"275":{"start":{"line":276,"column":0},"end":{"line":276,"column":48}},"276":{"start":{"line":277,"column":0},"end":{"line":277,"column":52}},"277":{"start":{"line":278,"column":0},"end":{"line":278,"column":40}},"278":{"start":{"line":279,"column":0},"end":{"line":279,"column":64}},"279":{"start":{"line":280,"column":0},"end":{"line":280,"column":34}},"280":{"start":{"line":281,"column":0},"end":{"line":281,"column":49}},"281":{"start":{"line":282,"column":0},"end":{"line":282,"column":47}},"282":{"start":{"line":283,"column":0},"end":{"line":283,"column":41}},"283":{"start":{"line":284,"column":0},"end":{"line":284,"column":45}},"284":{"start":{"line":285,"column":0},"end":{"line":285,"column":54}},"285":{"start":{"line":286,"column":0},"end":{"line":286,"column":61}},"286":{"start":{"line":287,"column":0},"end":{"line":287,"column":41}},"287":{"start":{"line":288,"column":0},"end":{"line":288,"column":49}},"288":{"start":{"line":289,"column":0},"end":{"line":289,"column":56}},"289":{"start":{"line":290,"column":0},"end":{"line":290,"column":40}},"290":{"start":{"line":291,"column":0},"end":{"line":291,"column":45}},"291":{"start":{"line":292,"column":0},"end":{"line":292,"column":45}},"292":{"start":{"line":293,"column":0},"end":{"line":293,"column":16}},"293":{"start":{"line":294,"column":0},"end":{"line":294,"column":13}},"294":{"start":{"line":295,"column":0},"end":{"line":295,"column":28}},"295":{"start":{"line":296,"column":0},"end":{"line":296,"column":65}},"296":{"start":{"line":297,"column":0},"end":{"line":297,"column":62}},"297":{"start":{"line":298,"column":0},"end":{"line":298,"column":52}},"298":{"start":{"line":299,"column":0},"end":{"line":299,"column":56}},"299":{"start":{"line":300,"column":0},"end":{"line":300,"column":44}},"300":{"start":{"line":301,"column":0},"end":{"line":301,"column":68}},"301":{"start":{"line":302,"column":0},"end":{"line":302,"column":38}},"302":{"start":{"line":303,"column":0},"end":{"line":303,"column":53}},"303":{"start":{"line":304,"column":0},"end":{"line":304,"column":51}},"304":{"start":{"line":305,"column":0},"end":{"line":305,"column":45}},"305":{"start":{"line":306,"column":0},"end":{"line":306,"column":49}},"306":{"start":{"line":307,"column":0},"end":{"line":307,"column":58}},"307":{"start":{"line":308,"column":0},"end":{"line":308,"column":65}},"308":{"start":{"line":309,"column":0},"end":{"line":309,"column":45}},"309":{"start":{"line":310,"column":0},"end":{"line":310,"column":53}},"310":{"start":{"line":311,"column":0},"end":{"line":311,"column":60}},"311":{"start":{"line":312,"column":0},"end":{"line":312,"column":44}},"312":{"start":{"line":313,"column":0},"end":{"line":313,"column":49}},"313":{"start":{"line":314,"column":0},"end":{"line":314,"column":49}},"314":{"start":{"line":315,"column":0},"end":{"line":315,"column":37}},"315":{"start":{"line":316,"column":0},"end":{"line":316,"column":62}},"316":{"start":{"line":317,"column":0},"end":{"line":317,"column":44}},"317":{"start":{"line":318,"column":0},"end":{"line":318,"column":38}},"318":{"start":{"line":319,"column":0},"end":{"line":319,"column":36}},"319":{"start":{"line":320,"column":0},"end":{"line":320,"column":13}},"320":{"start":{"line":321,"column":0},"end":{"line":321,"column":12}},"321":{"start":{"line":322,"column":0},"end":{"line":322,"column":9}},"322":{"start":{"line":323,"column":0},"end":{"line":323,"column":8}},"323":{"start":{"line":324,"column":0},"end":{"line":324,"column":61}},"324":{"start":{"line":325,"column":0},"end":{"line":325,"column":36}},"325":{"start":{"line":326,"column":0},"end":{"line":326,"column":30}},"326":{"start":{"line":327,"column":0},"end":{"line":327,"column":43}},"327":{"start":{"line":328,"column":0},"end":{"line":328,"column":31}},"328":{"start":{"line":329,"column":0},"end":{"line":329,"column":32}},"329":{"start":{"line":330,"column":0},"end":{"line":330,"column":26}},"330":{"start":{"line":331,"column":0},"end":{"line":331,"column":27}},"331":{"start":{"line":332,"column":0},"end":{"line":332,"column":28}},"332":{"start":{"line":333,"column":0},"end":{"line":333,"column":29}},"333":{"start":{"line":334,"column":0},"end":{"line":334,"column":34}},"334":{"start":{"line":335,"column":0},"end":{"line":335,"column":32}},"335":{"start":{"line":336,"column":0},"end":{"line":336,"column":29}},"336":{"start":{"line":337,"column":0},"end":{"line":337,"column":32}},"337":{"start":{"line":338,"column":0},"end":{"line":338,"column":26}},"338":{"start":{"line":339,"column":0},"end":{"line":339,"column":60}},"339":{"start":{"line":340,"column":0},"end":{"line":340,"column":36}},"340":{"start":{"line":341,"column":0},"end":{"line":341,"column":30}},"341":{"start":{"line":342,"column":0},"end":{"line":342,"column":37}},"342":{"start":{"line":343,"column":0},"end":{"line":343,"column":23}},"343":{"start":{"line":344,"column":0},"end":{"line":344,"column":32}},"344":{"start":{"line":345,"column":0},"end":{"line":345,"column":30}},"345":{"start":{"line":346,"column":0},"end":{"line":346,"column":61}},"346":{"start":{"line":347,"column":0},"end":{"line":347,"column":36}},"347":{"start":{"line":348,"column":0},"end":{"line":348,"column":30}},"348":{"start":{"line":349,"column":0},"end":{"line":349,"column":38}},"349":{"start":{"line":350,"column":0},"end":{"line":350,"column":5}},"350":{"start":{"line":351,"column":0},"end":{"line":351,"column":4}},"351":{"start":{"line":352,"column":0},"end":{"line":352,"column":41}},"352":{"start":{"line":353,"column":0},"end":{"line":353,"column":13}},"353":{"start":{"line":354,"column":0},"end":{"line":354,"column":5}},"354":{"start":{"line":355,"column":0},"end":{"line":355,"column":20}},"355":{"start":{"line":356,"column":0},"end":{"line":356,"column":41}},"356":{"start":{"line":357,"column":0},"end":{"line":357,"column":26}},"357":{"start":{"line":358,"column":0},"end":{"line":358,"column":9}},"358":{"start":{"line":359,"column":0},"end":{"line":359,"column":44}},"359":{"start":{"line":360,"column":0},"end":{"line":360,"column":58}},"360":{"start":{"line":361,"column":0},"end":{"line":361,"column":48}},"361":{"start":{"line":362,"column":0},"end":{"line":362,"column":52}},"362":{"start":{"line":363,"column":0},"end":{"line":363,"column":40}},"363":{"start":{"line":364,"column":0},"end":{"line":364,"column":64}},"364":{"start":{"line":365,"column":0},"end":{"line":365,"column":34}},"365":{"start":{"line":366,"column":0},"end":{"line":366,"column":49}},"366":{"start":{"line":367,"column":0},"end":{"line":367,"column":47}},"367":{"start":{"line":368,"column":0},"end":{"line":368,"column":41}},"368":{"start":{"line":369,"column":0},"end":{"line":369,"column":45}},"369":{"start":{"line":370,"column":0},"end":{"line":370,"column":54}},"370":{"start":{"line":371,"column":0},"end":{"line":371,"column":61}},"371":{"start":{"line":372,"column":0},"end":{"line":372,"column":41}},"372":{"start":{"line":373,"column":0},"end":{"line":373,"column":49}},"373":{"start":{"line":374,"column":0},"end":{"line":374,"column":56}},"374":{"start":{"line":375,"column":0},"end":{"line":375,"column":40}},"375":{"start":{"line":376,"column":0},"end":{"line":376,"column":45}},"376":{"start":{"line":377,"column":0},"end":{"line":377,"column":45}},"377":{"start":{"line":378,"column":0},"end":{"line":378,"column":16}},"378":{"start":{"line":379,"column":0},"end":{"line":379,"column":13}},"379":{"start":{"line":380,"column":0},"end":{"line":380,"column":28}},"380":{"start":{"line":381,"column":0},"end":{"line":381,"column":65}},"381":{"start":{"line":382,"column":0},"end":{"line":382,"column":62}},"382":{"start":{"line":383,"column":0},"end":{"line":383,"column":52}},"383":{"start":{"line":384,"column":0},"end":{"line":384,"column":56}},"384":{"start":{"line":385,"column":0},"end":{"line":385,"column":44}},"385":{"start":{"line":386,"column":0},"end":{"line":386,"column":68}},"386":{"start":{"line":387,"column":0},"end":{"line":387,"column":38}},"387":{"start":{"line":388,"column":0},"end":{"line":388,"column":53}},"388":{"start":{"line":389,"column":0},"end":{"line":389,"column":51}},"389":{"start":{"line":390,"column":0},"end":{"line":390,"column":45}},"390":{"start":{"line":391,"column":0},"end":{"line":391,"column":49}},"391":{"start":{"line":392,"column":0},"end":{"line":392,"column":58}},"392":{"start":{"line":393,"column":0},"end":{"line":393,"column":65}},"393":{"start":{"line":394,"column":0},"end":{"line":394,"column":45}},"394":{"start":{"line":395,"column":0},"end":{"line":395,"column":53}},"395":{"start":{"line":396,"column":0},"end":{"line":396,"column":60}},"396":{"start":{"line":397,"column":0},"end":{"line":397,"column":44}},"397":{"start":{"line":398,"column":0},"end":{"line":398,"column":49}},"398":{"start":{"line":399,"column":0},"end":{"line":399,"column":49}},"399":{"start":{"line":400,"column":0},"end":{"line":400,"column":37}},"400":{"start":{"line":401,"column":0},"end":{"line":401,"column":62}},"401":{"start":{"line":402,"column":0},"end":{"line":402,"column":44}},"402":{"start":{"line":403,"column":0},"end":{"line":403,"column":38}},"403":{"start":{"line":404,"column":0},"end":{"line":404,"column":36}},"404":{"start":{"line":405,"column":0},"end":{"line":405,"column":13}},"405":{"start":{"line":406,"column":0},"end":{"line":406,"column":12}},"406":{"start":{"line":407,"column":0},"end":{"line":407,"column":9}},"407":{"start":{"line":408,"column":0},"end":{"line":408,"column":8}},"408":{"start":{"line":409,"column":0},"end":{"line":409,"column":61}},"409":{"start":{"line":410,"column":0},"end":{"line":410,"column":36}},"410":{"start":{"line":411,"column":0},"end":{"line":411,"column":30}},"411":{"start":{"line":412,"column":0},"end":{"line":412,"column":43}},"412":{"start":{"line":413,"column":0},"end":{"line":413,"column":31}},"413":{"start":{"line":414,"column":0},"end":{"line":414,"column":32}},"414":{"start":{"line":415,"column":0},"end":{"line":415,"column":26}},"415":{"start":{"line":416,"column":0},"end":{"line":416,"column":27}},"416":{"start":{"line":417,"column":0},"end":{"line":417,"column":28}},"417":{"start":{"line":418,"column":0},"end":{"line":418,"column":29}},"418":{"start":{"line":419,"column":0},"end":{"line":419,"column":34}},"419":{"start":{"line":420,"column":0},"end":{"line":420,"column":32}},"420":{"start":{"line":421,"column":0},"end":{"line":421,"column":29}},"421":{"start":{"line":422,"column":0},"end":{"line":422,"column":32}},"422":{"start":{"line":423,"column":0},"end":{"line":423,"column":26}},"423":{"start":{"line":424,"column":0},"end":{"line":424,"column":60}},"424":{"start":{"line":425,"column":0},"end":{"line":425,"column":36}},"425":{"start":{"line":426,"column":0},"end":{"line":426,"column":30}},"426":{"start":{"line":427,"column":0},"end":{"line":427,"column":37}},"427":{"start":{"line":428,"column":0},"end":{"line":428,"column":23}},"428":{"start":{"line":429,"column":0},"end":{"line":429,"column":32}},"429":{"start":{"line":430,"column":0},"end":{"line":430,"column":30}},"430":{"start":{"line":431,"column":0},"end":{"line":431,"column":61}},"431":{"start":{"line":432,"column":0},"end":{"line":432,"column":36}},"432":{"start":{"line":433,"column":0},"end":{"line":433,"column":30}},"433":{"start":{"line":434,"column":0},"end":{"line":434,"column":38}},"434":{"start":{"line":435,"column":0},"end":{"line":435,"column":5}},"435":{"start":{"line":436,"column":0},"end":{"line":436,"column":4}},"436":{"start":{"line":437,"column":0},"end":{"line":437,"column":35}},"437":{"start":{"line":438,"column":0},"end":{"line":438,"column":5}},"438":{"start":{"line":439,"column":0},"end":{"line":439,"column":13}},"439":{"start":{"line":440,"column":0},"end":{"line":440,"column":13}},"440":{"start":{"line":441,"column":0},"end":{"line":441,"column":33}},"441":{"start":{"line":442,"column":0},"end":{"line":442,"column":36}},"442":{"start":{"line":443,"column":0},"end":{"line":443,"column":30}},"443":{"start":{"line":444,"column":0},"end":{"line":444,"column":6}},"444":{"start":{"line":445,"column":0},"end":{"line":445,"column":5}},"445":{"start":{"line":446,"column":0},"end":{"line":446,"column":20}},"446":{"start":{"line":447,"column":0},"end":{"line":447,"column":41}},"447":{"start":{"line":448,"column":0},"end":{"line":448,"column":26}},"448":{"start":{"line":449,"column":0},"end":{"line":449,"column":9}},"449":{"start":{"line":450,"column":0},"end":{"line":450,"column":44}},"450":{"start":{"line":451,"column":0},"end":{"line":451,"column":58}},"451":{"start":{"line":452,"column":0},"end":{"line":452,"column":48}},"452":{"start":{"line":453,"column":0},"end":{"line":453,"column":52}},"453":{"start":{"line":454,"column":0},"end":{"line":454,"column":40}},"454":{"start":{"line":455,"column":0},"end":{"line":455,"column":64}},"455":{"start":{"line":456,"column":0},"end":{"line":456,"column":34}},"456":{"start":{"line":457,"column":0},"end":{"line":457,"column":49}},"457":{"start":{"line":458,"column":0},"end":{"line":458,"column":47}},"458":{"start":{"line":459,"column":0},"end":{"line":459,"column":41}},"459":{"start":{"line":460,"column":0},"end":{"line":460,"column":45}},"460":{"start":{"line":461,"column":0},"end":{"line":461,"column":54}},"461":{"start":{"line":462,"column":0},"end":{"line":462,"column":61}},"462":{"start":{"line":463,"column":0},"end":{"line":463,"column":41}},"463":{"start":{"line":464,"column":0},"end":{"line":464,"column":49}},"464":{"start":{"line":465,"column":0},"end":{"line":465,"column":56}},"465":{"start":{"line":466,"column":0},"end":{"line":466,"column":40}},"466":{"start":{"line":467,"column":0},"end":{"line":467,"column":45}},"467":{"start":{"line":468,"column":0},"end":{"line":468,"column":45}},"468":{"start":{"line":469,"column":0},"end":{"line":469,"column":16}},"469":{"start":{"line":470,"column":0},"end":{"line":470,"column":13}},"470":{"start":{"line":471,"column":0},"end":{"line":471,"column":28}},"471":{"start":{"line":472,"column":0},"end":{"line":472,"column":65}},"472":{"start":{"line":473,"column":0},"end":{"line":473,"column":62}},"473":{"start":{"line":474,"column":0},"end":{"line":474,"column":52}},"474":{"start":{"line":475,"column":0},"end":{"line":475,"column":56}},"475":{"start":{"line":476,"column":0},"end":{"line":476,"column":44}},"476":{"start":{"line":477,"column":0},"end":{"line":477,"column":68}},"477":{"start":{"line":478,"column":0},"end":{"line":478,"column":38}},"478":{"start":{"line":479,"column":0},"end":{"line":479,"column":53}},"479":{"start":{"line":480,"column":0},"end":{"line":480,"column":51}},"480":{"start":{"line":481,"column":0},"end":{"line":481,"column":45}},"481":{"start":{"line":482,"column":0},"end":{"line":482,"column":49}},"482":{"start":{"line":483,"column":0},"end":{"line":483,"column":58}},"483":{"start":{"line":484,"column":0},"end":{"line":484,"column":65}},"484":{"start":{"line":485,"column":0},"end":{"line":485,"column":45}},"485":{"start":{"line":486,"column":0},"end":{"line":486,"column":53}},"486":{"start":{"line":487,"column":0},"end":{"line":487,"column":60}},"487":{"start":{"line":488,"column":0},"end":{"line":488,"column":44}},"488":{"start":{"line":489,"column":0},"end":{"line":489,"column":49}},"489":{"start":{"line":490,"column":0},"end":{"line":490,"column":49}},"490":{"start":{"line":491,"column":0},"end":{"line":491,"column":37}},"491":{"start":{"line":492,"column":0},"end":{"line":492,"column":62}},"492":{"start":{"line":493,"column":0},"end":{"line":493,"column":44}},"493":{"start":{"line":494,"column":0},"end":{"line":494,"column":38}},"494":{"start":{"line":495,"column":0},"end":{"line":495,"column":36}},"495":{"start":{"line":496,"column":0},"end":{"line":496,"column":13}},"496":{"start":{"line":497,"column":0},"end":{"line":497,"column":12}},"497":{"start":{"line":498,"column":0},"end":{"line":498,"column":9}},"498":{"start":{"line":499,"column":0},"end":{"line":499,"column":8}},"499":{"start":{"line":500,"column":0},"end":{"line":500,"column":61}},"500":{"start":{"line":501,"column":0},"end":{"line":501,"column":36}},"501":{"start":{"line":502,"column":0},"end":{"line":502,"column":30}},"502":{"start":{"line":503,"column":0},"end":{"line":503,"column":43}},"503":{"start":{"line":504,"column":0},"end":{"line":504,"column":31}},"504":{"start":{"line":505,"column":0},"end":{"line":505,"column":32}},"505":{"start":{"line":506,"column":0},"end":{"line":506,"column":26}},"506":{"start":{"line":507,"column":0},"end":{"line":507,"column":27}},"507":{"start":{"line":508,"column":0},"end":{"line":508,"column":28}},"508":{"start":{"line":509,"column":0},"end":{"line":509,"column":29}},"509":{"start":{"line":510,"column":0},"end":{"line":510,"column":34}},"510":{"start":{"line":511,"column":0},"end":{"line":511,"column":32}},"511":{"start":{"line":512,"column":0},"end":{"line":512,"column":29}},"512":{"start":{"line":513,"column":0},"end":{"line":513,"column":32}},"513":{"start":{"line":514,"column":0},"end":{"line":514,"column":26}},"514":{"start":{"line":515,"column":0},"end":{"line":515,"column":60}},"515":{"start":{"line":516,"column":0},"end":{"line":516,"column":36}},"516":{"start":{"line":517,"column":0},"end":{"line":517,"column":30}},"517":{"start":{"line":518,"column":0},"end":{"line":518,"column":37}},"518":{"start":{"line":519,"column":0},"end":{"line":519,"column":23}},"519":{"start":{"line":520,"column":0},"end":{"line":520,"column":32}},"520":{"start":{"line":521,"column":0},"end":{"line":521,"column":30}},"521":{"start":{"line":522,"column":0},"end":{"line":522,"column":61}},"522":{"start":{"line":523,"column":0},"end":{"line":523,"column":36}},"523":{"start":{"line":524,"column":0},"end":{"line":524,"column":30}},"524":{"start":{"line":525,"column":0},"end":{"line":525,"column":38}},"525":{"start":{"line":526,"column":0},"end":{"line":526,"column":5}},"526":{"start":{"line":527,"column":0},"end":{"line":527,"column":4}},"527":{"start":{"line":528,"column":0},"end":{"line":528,"column":34}},"528":{"start":{"line":529,"column":0},"end":{"line":529,"column":5}},"529":{"start":{"line":530,"column":0},"end":{"line":530,"column":13}},"530":{"start":{"line":531,"column":0},"end":{"line":531,"column":33}},"531":{"start":{"line":532,"column":0},"end":{"line":532,"column":36}},"532":{"start":{"line":533,"column":0},"end":{"line":533,"column":30}},"533":{"start":{"line":534,"column":0},"end":{"line":534,"column":6}},"534":{"start":{"line":535,"column":0},"end":{"line":535,"column":5}},"535":{"start":{"line":536,"column":0},"end":{"line":536,"column":20}},"536":{"start":{"line":537,"column":0},"end":{"line":537,"column":41}},"537":{"start":{"line":538,"column":0},"end":{"line":538,"column":26}},"538":{"start":{"line":539,"column":0},"end":{"line":539,"column":9}},"539":{"start":{"line":540,"column":0},"end":{"line":540,"column":44}},"540":{"start":{"line":541,"column":0},"end":{"line":541,"column":58}},"541":{"start":{"line":542,"column":0},"end":{"line":542,"column":48}},"542":{"start":{"line":543,"column":0},"end":{"line":543,"column":52}},"543":{"start":{"line":544,"column":0},"end":{"line":544,"column":40}},"544":{"start":{"line":545,"column":0},"end":{"line":545,"column":64}},"545":{"start":{"line":546,"column":0},"end":{"line":546,"column":34}},"546":{"start":{"line":547,"column":0},"end":{"line":547,"column":49}},"547":{"start":{"line":548,"column":0},"end":{"line":548,"column":47}},"548":{"start":{"line":549,"column":0},"end":{"line":549,"column":41}},"549":{"start":{"line":550,"column":0},"end":{"line":550,"column":45}},"550":{"start":{"line":551,"column":0},"end":{"line":551,"column":54}},"551":{"start":{"line":552,"column":0},"end":{"line":552,"column":61}},"552":{"start":{"line":553,"column":0},"end":{"line":553,"column":41}},"553":{"start":{"line":554,"column":0},"end":{"line":554,"column":49}},"554":{"start":{"line":555,"column":0},"end":{"line":555,"column":56}},"555":{"start":{"line":556,"column":0},"end":{"line":556,"column":40}},"556":{"start":{"line":557,"column":0},"end":{"line":557,"column":45}},"557":{"start":{"line":558,"column":0},"end":{"line":558,"column":45}},"558":{"start":{"line":559,"column":0},"end":{"line":559,"column":16}},"559":{"start":{"line":560,"column":0},"end":{"line":560,"column":13}},"560":{"start":{"line":561,"column":0},"end":{"line":561,"column":28}},"561":{"start":{"line":562,"column":0},"end":{"line":562,"column":65}},"562":{"start":{"line":563,"column":0},"end":{"line":563,"column":62}},"563":{"start":{"line":564,"column":0},"end":{"line":564,"column":52}},"564":{"start":{"line":565,"column":0},"end":{"line":565,"column":56}},"565":{"start":{"line":566,"column":0},"end":{"line":566,"column":44}},"566":{"start":{"line":567,"column":0},"end":{"line":567,"column":68}},"567":{"start":{"line":568,"column":0},"end":{"line":568,"column":38}},"568":{"start":{"line":569,"column":0},"end":{"line":569,"column":53}},"569":{"start":{"line":570,"column":0},"end":{"line":570,"column":51}},"570":{"start":{"line":571,"column":0},"end":{"line":571,"column":45}},"571":{"start":{"line":572,"column":0},"end":{"line":572,"column":49}},"572":{"start":{"line":573,"column":0},"end":{"line":573,"column":58}},"573":{"start":{"line":574,"column":0},"end":{"line":574,"column":65}},"574":{"start":{"line":575,"column":0},"end":{"line":575,"column":45}},"575":{"start":{"line":576,"column":0},"end":{"line":576,"column":53}},"576":{"start":{"line":577,"column":0},"end":{"line":577,"column":60}},"577":{"start":{"line":578,"column":0},"end":{"line":578,"column":44}},"578":{"start":{"line":579,"column":0},"end":{"line":579,"column":49}},"579":{"start":{"line":580,"column":0},"end":{"line":580,"column":49}},"580":{"start":{"line":581,"column":0},"end":{"line":581,"column":37}},"581":{"start":{"line":582,"column":0},"end":{"line":582,"column":62}},"582":{"start":{"line":583,"column":0},"end":{"line":583,"column":44}},"583":{"start":{"line":584,"column":0},"end":{"line":584,"column":38}},"584":{"start":{"line":585,"column":0},"end":{"line":585,"column":36}},"585":{"start":{"line":586,"column":0},"end":{"line":586,"column":13}},"586":{"start":{"line":587,"column":0},"end":{"line":587,"column":12}},"587":{"start":{"line":588,"column":0},"end":{"line":588,"column":9}},"588":{"start":{"line":589,"column":0},"end":{"line":589,"column":8}},"589":{"start":{"line":590,"column":0},"end":{"line":590,"column":61}},"590":{"start":{"line":591,"column":0},"end":{"line":591,"column":36}},"591":{"start":{"line":592,"column":0},"end":{"line":592,"column":30}},"592":{"start":{"line":593,"column":0},"end":{"line":593,"column":43}},"593":{"start":{"line":594,"column":0},"end":{"line":594,"column":31}},"594":{"start":{"line":595,"column":0},"end":{"line":595,"column":32}},"595":{"start":{"line":596,"column":0},"end":{"line":596,"column":26}},"596":{"start":{"line":597,"column":0},"end":{"line":597,"column":27}},"597":{"start":{"line":598,"column":0},"end":{"line":598,"column":28}},"598":{"start":{"line":599,"column":0},"end":{"line":599,"column":29}},"599":{"start":{"line":600,"column":0},"end":{"line":600,"column":34}},"600":{"start":{"line":601,"column":0},"end":{"line":601,"column":32}},"601":{"start":{"line":602,"column":0},"end":{"line":602,"column":29}},"602":{"start":{"line":603,"column":0},"end":{"line":603,"column":32}},"603":{"start":{"line":604,"column":0},"end":{"line":604,"column":26}},"604":{"start":{"line":605,"column":0},"end":{"line":605,"column":60}},"605":{"start":{"line":606,"column":0},"end":{"line":606,"column":36}},"606":{"start":{"line":607,"column":0},"end":{"line":607,"column":30}},"607":{"start":{"line":608,"column":0},"end":{"line":608,"column":37}},"608":{"start":{"line":609,"column":0},"end":{"line":609,"column":23}},"609":{"start":{"line":610,"column":0},"end":{"line":610,"column":32}},"610":{"start":{"line":611,"column":0},"end":{"line":611,"column":30}},"611":{"start":{"line":612,"column":0},"end":{"line":612,"column":61}},"612":{"start":{"line":613,"column":0},"end":{"line":613,"column":36}},"613":{"start":{"line":614,"column":0},"end":{"line":614,"column":30}},"614":{"start":{"line":615,"column":0},"end":{"line":615,"column":38}},"615":{"start":{"line":616,"column":0},"end":{"line":616,"column":5}},"616":{"start":{"line":617,"column":0},"end":{"line":617,"column":4}},"617":{"start":{"line":618,"column":0},"end":{"line":618,"column":33}},"618":{"start":{"line":619,"column":0},"end":{"line":619,"column":5}},"619":{"start":{"line":620,"column":0},"end":{"line":620,"column":13}},"620":{"start":{"line":621,"column":0},"end":{"line":621,"column":33}},"621":{"start":{"line":622,"column":0},"end":{"line":622,"column":36}},"622":{"start":{"line":623,"column":0},"end":{"line":623,"column":30}},"623":{"start":{"line":624,"column":0},"end":{"line":624,"column":6}},"624":{"start":{"line":625,"column":0},"end":{"line":625,"column":5}},"625":{"start":{"line":626,"column":0},"end":{"line":626,"column":20}},"626":{"start":{"line":627,"column":0},"end":{"line":627,"column":41}},"627":{"start":{"line":628,"column":0},"end":{"line":628,"column":26}},"628":{"start":{"line":629,"column":0},"end":{"line":629,"column":9}},"629":{"start":{"line":630,"column":0},"end":{"line":630,"column":44}},"630":{"start":{"line":631,"column":0},"end":{"line":631,"column":58}},"631":{"start":{"line":632,"column":0},"end":{"line":632,"column":48}},"632":{"start":{"line":633,"column":0},"end":{"line":633,"column":52}},"633":{"start":{"line":634,"column":0},"end":{"line":634,"column":40}},"634":{"start":{"line":635,"column":0},"end":{"line":635,"column":64}},"635":{"start":{"line":636,"column":0},"end":{"line":636,"column":34}},"636":{"start":{"line":637,"column":0},"end":{"line":637,"column":49}},"637":{"start":{"line":638,"column":0},"end":{"line":638,"column":47}},"638":{"start":{"line":639,"column":0},"end":{"line":639,"column":41}},"639":{"start":{"line":640,"column":0},"end":{"line":640,"column":45}},"640":{"start":{"line":641,"column":0},"end":{"line":641,"column":54}},"641":{"start":{"line":642,"column":0},"end":{"line":642,"column":61}},"642":{"start":{"line":643,"column":0},"end":{"line":643,"column":41}},"643":{"start":{"line":644,"column":0},"end":{"line":644,"column":49}},"644":{"start":{"line":645,"column":0},"end":{"line":645,"column":56}},"645":{"start":{"line":646,"column":0},"end":{"line":646,"column":40}},"646":{"start":{"line":647,"column":0},"end":{"line":647,"column":45}},"647":{"start":{"line":648,"column":0},"end":{"line":648,"column":45}},"648":{"start":{"line":649,"column":0},"end":{"line":649,"column":16}},"649":{"start":{"line":650,"column":0},"end":{"line":650,"column":13}},"650":{"start":{"line":651,"column":0},"end":{"line":651,"column":28}},"651":{"start":{"line":652,"column":0},"end":{"line":652,"column":65}},"652":{"start":{"line":653,"column":0},"end":{"line":653,"column":62}},"653":{"start":{"line":654,"column":0},"end":{"line":654,"column":52}},"654":{"start":{"line":655,"column":0},"end":{"line":655,"column":56}},"655":{"start":{"line":656,"column":0},"end":{"line":656,"column":44}},"656":{"start":{"line":657,"column":0},"end":{"line":657,"column":68}},"657":{"start":{"line":658,"column":0},"end":{"line":658,"column":38}},"658":{"start":{"line":659,"column":0},"end":{"line":659,"column":53}},"659":{"start":{"line":660,"column":0},"end":{"line":660,"column":51}},"660":{"start":{"line":661,"column":0},"end":{"line":661,"column":45}},"661":{"start":{"line":662,"column":0},"end":{"line":662,"column":49}},"662":{"start":{"line":663,"column":0},"end":{"line":663,"column":58}},"663":{"start":{"line":664,"column":0},"end":{"line":664,"column":65}},"664":{"start":{"line":665,"column":0},"end":{"line":665,"column":45}},"665":{"start":{"line":666,"column":0},"end":{"line":666,"column":53}},"666":{"start":{"line":667,"column":0},"end":{"line":667,"column":60}},"667":{"start":{"line":668,"column":0},"end":{"line":668,"column":44}},"668":{"start":{"line":669,"column":0},"end":{"line":669,"column":49}},"669":{"start":{"line":670,"column":0},"end":{"line":670,"column":49}},"670":{"start":{"line":671,"column":0},"end":{"line":671,"column":37}},"671":{"start":{"line":672,"column":0},"end":{"line":672,"column":62}},"672":{"start":{"line":673,"column":0},"end":{"line":673,"column":44}},"673":{"start":{"line":674,"column":0},"end":{"line":674,"column":38}},"674":{"start":{"line":675,"column":0},"end":{"line":675,"column":36}},"675":{"start":{"line":676,"column":0},"end":{"line":676,"column":13}},"676":{"start":{"line":677,"column":0},"end":{"line":677,"column":12}},"677":{"start":{"line":678,"column":0},"end":{"line":678,"column":9}},"678":{"start":{"line":679,"column":0},"end":{"line":679,"column":8}},"679":{"start":{"line":680,"column":0},"end":{"line":680,"column":61}},"680":{"start":{"line":681,"column":0},"end":{"line":681,"column":36}},"681":{"start":{"line":682,"column":0},"end":{"line":682,"column":30}},"682":{"start":{"line":683,"column":0},"end":{"line":683,"column":43}},"683":{"start":{"line":684,"column":0},"end":{"line":684,"column":31}},"684":{"start":{"line":685,"column":0},"end":{"line":685,"column":32}},"685":{"start":{"line":686,"column":0},"end":{"line":686,"column":26}},"686":{"start":{"line":687,"column":0},"end":{"line":687,"column":27}},"687":{"start":{"line":688,"column":0},"end":{"line":688,"column":28}},"688":{"start":{"line":689,"column":0},"end":{"line":689,"column":29}},"689":{"start":{"line":690,"column":0},"end":{"line":690,"column":34}},"690":{"start":{"line":691,"column":0},"end":{"line":691,"column":32}},"691":{"start":{"line":692,"column":0},"end":{"line":692,"column":29}},"692":{"start":{"line":693,"column":0},"end":{"line":693,"column":32}},"693":{"start":{"line":694,"column":0},"end":{"line":694,"column":26}},"694":{"start":{"line":695,"column":0},"end":{"line":695,"column":60}},"695":{"start":{"line":696,"column":0},"end":{"line":696,"column":36}},"696":{"start":{"line":697,"column":0},"end":{"line":697,"column":30}},"697":{"start":{"line":698,"column":0},"end":{"line":698,"column":37}},"698":{"start":{"line":699,"column":0},"end":{"line":699,"column":23}},"699":{"start":{"line":700,"column":0},"end":{"line":700,"column":32}},"700":{"start":{"line":701,"column":0},"end":{"line":701,"column":30}},"701":{"start":{"line":702,"column":0},"end":{"line":702,"column":61}},"702":{"start":{"line":703,"column":0},"end":{"line":703,"column":36}},"703":{"start":{"line":704,"column":0},"end":{"line":704,"column":30}},"704":{"start":{"line":705,"column":0},"end":{"line":705,"column":38}},"705":{"start":{"line":706,"column":0},"end":{"line":706,"column":5}},"706":{"start":{"line":707,"column":0},"end":{"line":707,"column":4}},"707":{"start":{"line":708,"column":0},"end":{"line":708,"column":42}},"708":{"start":{"line":709,"column":0},"end":{"line":709,"column":5}},"709":{"start":{"line":710,"column":0},"end":{"line":710,"column":13}},"710":{"start":{"line":711,"column":0},"end":{"line":711,"column":33}},"711":{"start":{"line":712,"column":0},"end":{"line":712,"column":36}},"712":{"start":{"line":713,"column":0},"end":{"line":713,"column":30}},"713":{"start":{"line":714,"column":0},"end":{"line":714,"column":6}},"714":{"start":{"line":715,"column":0},"end":{"line":715,"column":5}},"715":{"start":{"line":716,"column":0},"end":{"line":716,"column":20}},"716":{"start":{"line":717,"column":0},"end":{"line":717,"column":41}},"717":{"start":{"line":718,"column":0},"end":{"line":718,"column":26}},"718":{"start":{"line":719,"column":0},"end":{"line":719,"column":9}},"719":{"start":{"line":720,"column":0},"end":{"line":720,"column":44}},"720":{"start":{"line":721,"column":0},"end":{"line":721,"column":58}},"721":{"start":{"line":722,"column":0},"end":{"line":722,"column":48}},"722":{"start":{"line":723,"column":0},"end":{"line":723,"column":52}},"723":{"start":{"line":724,"column":0},"end":{"line":724,"column":40}},"724":{"start":{"line":725,"column":0},"end":{"line":725,"column":64}},"725":{"start":{"line":726,"column":0},"end":{"line":726,"column":34}},"726":{"start":{"line":727,"column":0},"end":{"line":727,"column":49}},"727":{"start":{"line":728,"column":0},"end":{"line":728,"column":47}},"728":{"start":{"line":729,"column":0},"end":{"line":729,"column":41}},"729":{"start":{"line":730,"column":0},"end":{"line":730,"column":45}},"730":{"start":{"line":731,"column":0},"end":{"line":731,"column":54}},"731":{"start":{"line":732,"column":0},"end":{"line":732,"column":61}},"732":{"start":{"line":733,"column":0},"end":{"line":733,"column":41}},"733":{"start":{"line":734,"column":0},"end":{"line":734,"column":49}},"734":{"start":{"line":735,"column":0},"end":{"line":735,"column":56}},"735":{"start":{"line":736,"column":0},"end":{"line":736,"column":40}},"736":{"start":{"line":737,"column":0},"end":{"line":737,"column":45}},"737":{"start":{"line":738,"column":0},"end":{"line":738,"column":45}},"738":{"start":{"line":739,"column":0},"end":{"line":739,"column":16}},"739":{"start":{"line":740,"column":0},"end":{"line":740,"column":13}},"740":{"start":{"line":741,"column":0},"end":{"line":741,"column":28}},"741":{"start":{"line":742,"column":0},"end":{"line":742,"column":65}},"742":{"start":{"line":743,"column":0},"end":{"line":743,"column":62}},"743":{"start":{"line":744,"column":0},"end":{"line":744,"column":52}},"744":{"start":{"line":745,"column":0},"end":{"line":745,"column":56}},"745":{"start":{"line":746,"column":0},"end":{"line":746,"column":44}},"746":{"start":{"line":747,"column":0},"end":{"line":747,"column":68}},"747":{"start":{"line":748,"column":0},"end":{"line":748,"column":38}},"748":{"start":{"line":749,"column":0},"end":{"line":749,"column":53}},"749":{"start":{"line":750,"column":0},"end":{"line":750,"column":51}},"750":{"start":{"line":751,"column":0},"end":{"line":751,"column":45}},"751":{"start":{"line":752,"column":0},"end":{"line":752,"column":49}},"752":{"start":{"line":753,"column":0},"end":{"line":753,"column":58}},"753":{"start":{"line":754,"column":0},"end":{"line":754,"column":65}},"754":{"start":{"line":755,"column":0},"end":{"line":755,"column":45}},"755":{"start":{"line":756,"column":0},"end":{"line":756,"column":53}},"756":{"start":{"line":757,"column":0},"end":{"line":757,"column":60}},"757":{"start":{"line":758,"column":0},"end":{"line":758,"column":44}},"758":{"start":{"line":759,"column":0},"end":{"line":759,"column":49}},"759":{"start":{"line":760,"column":0},"end":{"line":760,"column":49}},"760":{"start":{"line":761,"column":0},"end":{"line":761,"column":37}},"761":{"start":{"line":762,"column":0},"end":{"line":762,"column":62}},"762":{"start":{"line":763,"column":0},"end":{"line":763,"column":44}},"763":{"start":{"line":764,"column":0},"end":{"line":764,"column":38}},"764":{"start":{"line":765,"column":0},"end":{"line":765,"column":36}},"765":{"start":{"line":766,"column":0},"end":{"line":766,"column":13}},"766":{"start":{"line":767,"column":0},"end":{"line":767,"column":12}},"767":{"start":{"line":768,"column":0},"end":{"line":768,"column":9}},"768":{"start":{"line":769,"column":0},"end":{"line":769,"column":8}},"769":{"start":{"line":770,"column":0},"end":{"line":770,"column":61}},"770":{"start":{"line":771,"column":0},"end":{"line":771,"column":36}},"771":{"start":{"line":772,"column":0},"end":{"line":772,"column":30}},"772":{"start":{"line":773,"column":0},"end":{"line":773,"column":43}},"773":{"start":{"line":774,"column":0},"end":{"line":774,"column":31}},"774":{"start":{"line":775,"column":0},"end":{"line":775,"column":32}},"775":{"start":{"line":776,"column":0},"end":{"line":776,"column":26}},"776":{"start":{"line":777,"column":0},"end":{"line":777,"column":27}},"777":{"start":{"line":778,"column":0},"end":{"line":778,"column":28}},"778":{"start":{"line":779,"column":0},"end":{"line":779,"column":29}},"779":{"start":{"line":780,"column":0},"end":{"line":780,"column":34}},"780":{"start":{"line":781,"column":0},"end":{"line":781,"column":32}},"781":{"start":{"line":782,"column":0},"end":{"line":782,"column":29}},"782":{"start":{"line":783,"column":0},"end":{"line":783,"column":32}},"783":{"start":{"line":784,"column":0},"end":{"line":784,"column":26}},"784":{"start":{"line":785,"column":0},"end":{"line":785,"column":60}},"785":{"start":{"line":786,"column":0},"end":{"line":786,"column":36}},"786":{"start":{"line":787,"column":0},"end":{"line":787,"column":30}},"787":{"start":{"line":788,"column":0},"end":{"line":788,"column":37}},"788":{"start":{"line":789,"column":0},"end":{"line":789,"column":23}},"789":{"start":{"line":790,"column":0},"end":{"line":790,"column":32}},"790":{"start":{"line":791,"column":0},"end":{"line":791,"column":30}},"791":{"start":{"line":792,"column":0},"end":{"line":792,"column":61}},"792":{"start":{"line":793,"column":0},"end":{"line":793,"column":36}},"793":{"start":{"line":794,"column":0},"end":{"line":794,"column":30}},"794":{"start":{"line":795,"column":0},"end":{"line":795,"column":38}},"795":{"start":{"line":796,"column":0},"end":{"line":796,"column":5}},"796":{"start":{"line":797,"column":0},"end":{"line":797,"column":4}},"797":{"start":{"line":798,"column":0},"end":{"line":798,"column":49}},"798":{"start":{"line":799,"column":0},"end":{"line":799,"column":30}},"799":{"start":{"line":800,"column":0},"end":{"line":800,"column":21}},"800":{"start":{"line":801,"column":0},"end":{"line":801,"column":5}},"801":{"start":{"line":802,"column":0},"end":{"line":802,"column":20}},"802":{"start":{"line":803,"column":0},"end":{"line":803,"column":57}},"803":{"start":{"line":804,"column":0},"end":{"line":804,"column":54}},"804":{"start":{"line":805,"column":0},"end":{"line":805,"column":44}},"805":{"start":{"line":806,"column":0},"end":{"line":806,"column":48}},"806":{"start":{"line":807,"column":0},"end":{"line":807,"column":36}},"807":{"start":{"line":808,"column":0},"end":{"line":808,"column":60}},"808":{"start":{"line":809,"column":0},"end":{"line":809,"column":30}},"809":{"start":{"line":810,"column":0},"end":{"line":810,"column":45}},"810":{"start":{"line":811,"column":0},"end":{"line":811,"column":43}},"811":{"start":{"line":812,"column":0},"end":{"line":812,"column":37}},"812":{"start":{"line":813,"
[...]
":179,"column":10}},"179":{"start":{"line":180,"column":0},"end":{"line":180,"column":26}},"180":{"start":{"line":181,"column":0},"end":{"line":181,"column":34}},"181":{"start":{"line":182,"column":0},"end":{"line":182,"column":0}},"182":{"start":{"line":183,"column":0},"end":{"line":183,"column":73}},"183":{"start":{"line":184,"column":0},"end":{"line":184,"column":82}},"184":{"start":{"line":185,"column":0},"end":{"line":185,"column":68}},"185":{"start":{"line":186,"column":0},"end":{"line":186,"column":67}},"186":{"start":{"line":187,"column":0},"end":{"line":187,"column":63}},"187":{"start":{"line":188,"column":0},"end":{"line":188,"column":62}},"188":{"start":{"line":189,"column":0},"end":{"line":189,"column":94}},"189":{"start":{"line":190,"column":0},"end":{"line":190,"column":98}},"190":{"start":{"line":191,"column":0},"end":{"line":191,"column":82}},"191":{"start":{"line":192,"column":0},"end":{"line":192,"column":96}},"192":{"start":{"line":193,"column":0},"end":{"line":193,"column":100}},"193":{"start":{"line":194,"column":0},"end":{"line":194,"column":84}},"194":{"start":{"line":195,"column":0},"end":{"line":195,"column":92}},"195":{"start":{"line":196,"column":0},"end":{"line":196,"column":71}},"196":{"start":{"line":197,"column":0},"end":{"line":197,"column":70}},"197":{"start":{"line":198,"column":0},"end":{"line":198,"column":94}},"198":{"start":{"line":199,"column":0},"end":{"line":199,"column":65}},"199":{"start":{"line":200,"column":0},"end":{"line":200,"column":64}},"200":{"start":{"line":201,"column":0},"end":{"line":201,"column":61}},"201":{"start":{"line":202,"column":0},"end":{"line":202,"column":60}},"202":{"start":{"line":203,"column":0},"end":{"line":203,"column":59}},"203":{"start":{"line":204,"column":0},"end":{"line":204,"column":58}},"204":{"start":{"line":205,"column":0},"end":{"line":205,"column":84}},"205":{"start":{"line":206,"column":0},"end":{"line":206,"column":100}},"206":{"start":{"line":207,"column":0},"end":{"line":207,"column":92}},"207":{"start":{"line":208,"column":0},"end":{"line":208,"column":70}},"208":{"start":{"line":209,"column":0},"end":{"line":209,"column":44}},"209":{"start":{"line":210,"column":0},"end":{"line":210,"column":6}},"210":{"start":{"line":211,"column":0},"end":{"line":211,"column":0}},"211":{"start":{"line":212,"column":0},"end":{"line":212,"column":77}},"212":{"start":{"line":213,"column":0},"end":{"line":213,"column":10}},"213":{"start":{"line":214,"column":0},"end":{"line":214,"column":27}},"214":{"start":{"line":215,"column":0},"end":{"line":215,"column":30}},"215":{"start":{"line":216,"column":0},"end":{"line":216,"column":0}},"216":{"start":{"line":217,"column":0},"end":{"line":217,"column":74}},"217":{"start":{"line":218,"column":0},"end":{"line":218,"column":28}},"218":{"start":{"line":219,"column":0},"end":{"line":219,"column":64}},"219":{"start":{"line":220,"column":0},"end":{"line":220,"column":76}},"220":{"start":{"line":221,"column":0},"end":{"line":221,"column":36}},"221":{"start":{"line":222,"column":0},"end":{"line":222,"column":37}},"222":{"start":{"line":223,"column":0},"end":{"line":223,"column":7}},"223":{"start":{"line":224,"column":0},"end":{"line":224,"column":1}}},"s":{"0":1,"1":1,"2":1,"3":1,"4":1,"5":1,"6":1,"7":1,"8":1,"9":1,"10":1,"11":1,"12":1,"13":1,"14":1,"15":1,"16":1,"17":1,"18":1,"19":1,"20":1,"21":1,"22":1,"23":1,"24":1,"25":1,"26":0,"27":0,"28":0,"29":0,"30":0,"31":0,"32":0,"33":0,"34":0,"35":0,"36":0,"37":0,"38":0,"39":0,"40":0,"41":0,"42":0,"43":1,"44":1,"45":0,"46":0,"47":0,"48":0,"49":0,"50":0,"51":0,"52":1,"53":1,"54":0,"55":0,"56":0,"57":0,"58":0,"59":1,"60":1,"61":0,"62":0,"63":0,"64":0,"65":0,"66":0,"67":1,"68":1,"69":0,"70":0,"71":0,"72":0,"73":0,"74":0,"75":0,"76":0,"77":0,"78":0,"79":0,"80":0,"81":0,"82":0,"83":0,"84":0,"85":0,"86":0,"87":0,"88":0,"89":0,"90":0,"91":0,"92":0,"93":0,"94":0,"95":0,"96":0,"97":0,"98":0,"99":1,"100":1,"101":0,"102":0,"103":0,"104":0,"105":0,"106":1,"107":1,"108":0,"109":0,"110":0,"111":0,"112":0,"113":0,"114":0,"115":0,"116":0,"117":0,"118":0,"119":0,"120":0,"121":0,"122":0,"123":0,"124":0,"125":0,"126":0,"127":0,"128":0,"129":0,"130":0,"131":0,"132":1,"133":1,"134":0,"135":0,"136":0,"137":0,"138":0,"139":0,"140":0,"141":0,"142":0,"143":0,"144":0,"145":1,"146":1,"147":1,"148":0,"149":0,"150":0,"151":0,"152":0,"153":0,"154":0,"155":0,"156":0,"157":1,"158":1,"159":0,"160":0,"161":1,"162":1,"163":1,"164":0,"165":0,"166":0,"167":0,"168":0,"169":1,"170":1,"171":0,"172":0,"173":0,"174":0,"175":0,"176":1,"177":1,"178":0,"179":0,"180":1,"181":1,"182":1,"183":0,"184":0,"185":0,"186":0,"187":0,"188":0,"189":0,"190":0,"191":0,"192":0,"193":0,"194":0,"195":0,"196":0,"197":0,"198":0,"199":0,"200":0,"201":0,"202":0,"203":0,"204":0,"205":0,"206":0,"207":0,"208":0,"209":0,"210":1,"211":1,"212":0,"213":0,"214":1,"215":1,"216":1,"217":0,"218":0,"219":0,"220":0,"221":0,"222":1,"223":1},"branchMap":{},"b":{},"fnMap":{"0":{"name":"buildICPRoleProof","decl":{"start":{"line":26,"column":11},"end":{"line":43,"column":5}},"loc":{"start":{"line":26,"column":11},"end":{"line":43,"column":5}},"line":26},"1":{"name":"buildProductCategory","decl":{"start":{"line":45,"column":11},"end":{"line":52,"column":5}},"loc":{"start":{"line":45,"column":11},"end":{"line":52,"column":5}},"line":45},"2":{"name":"buildMaterial","decl":{"start":{"line":54,"column":11},"end":{"line":59,"column":5}},"loc":{"start":{"line":54,"column":11},"end":{"line":59,"column":5}},"line":54},"3":{"name":"buildOffer","decl":{"start":{"line":61,"column":11},"end":{"line":67,"column":5}},"loc":{"start":{"line":61,"column":11},"end":{"line":67,"column":5}},"line":61},"4":{"name":"buildOrder","decl":{"start":{"line":69,"column":11},"end":{"line":99,"column":5}},"loc":{"start":{"line":69,"column":11},"end":{"line":99,"column":5}},"line":69},"5":{"name":"_buildOrderStatus","decl":{"start":{"line":101,"column":11},"end":{"line":106,"column":5}},"loc":{"start":{"line":101,"column":11},"end":{"line":106,"column":5}},"line":101},"6":{"name":"buildShipment","decl":{"start":{"line":108,"column":11},"end":{"line":132,"column":5}},"loc":{"start":{"line":108,"column":11},"end":{"line":132,"column":5}},"line":108},"7":{"name":"Object.<anonymous>.EntityBuilder.buildShipmentDocuments","decl":{"start":{"line":134,"column":36},"end":{"line":145,"column":51}},"loc":{"start":{"line":134,"column":36},"end":{"line":145,"column":51}},"line":134},"8":{"name":"Object.<anonymous>.EntityBuilder.buildShipmentPhase","decl":{"start":{"line":148,"column":32},"end":{"line":157,"column":6}},"loc":{"start":{"line":148,"column":32},"end":{"line":157,"column":6}},"line":148},"9":{"name":"Object.<anonymous>.EntityBuilder.buildShipmentIDLPhase","decl":{"start":{"line":159,"column":35},"end":{"line":162,"column":22}},"loc":{"start":{"line":159,"column":35},"end":{"line":162,"column":22}},"line":159},"10":{"name":"Object.<anonymous>.EntityBuilder.buildFundStatus","decl":{"start":{"line":164,"column":29},"end":{"line":169,"column":6}},"loc":{"start":{"line":164,"column":29},"end":{"line":169,"column":6}},"line":164},"11":{"name":"Object.<anonymous>.EntityBuilder.buildEvaluationStatus","decl":{"start":{"line":171,"column":35},"end":{"line":176,"column":6}},"loc":{"start":{"line":171,"column":35},"end":{"line":176,"column":6}},"line":171},"12":{"name":"Object.<anonymous>.EntityBuilder.buildIDLEvaluationStatus","decl":{"start":{"line":178,"column":38},"end":{"line":181,"column":33}},"loc":{"start":{"line":178,"column":38},"end":{"line":181,"column":33}},"line":178},"13":{"name":"Object.<anonymous>.EntityBuilder.buildDocumentType","decl":{"start":{"line":183,"column":31},"end":{"line":210,"column":6}},"loc":{"start":{"line":183,"column":31},"end":{"line":210,"column":6}},"line":183},"14":{"name":"Object.<anonymous>.EntityBuilder.buildIDLDocumentType","decl":{"start":{"line":212,"column":34},"end":{"line":215,"column":29}},"loc":{"start":{"line":212,"column":34},"end":{"line":215,"column":29}},"line":212},"15":{"name":"Object.<anonymous>.EntityBuilder.buildDocumentInfo","decl":{"start":{"line":217,"column":31},"end":{"line":223,"column":6}},"loc":{"start":{"line":217,"column":31},"end":{"line":223,"column":6}},"line":217}},"f":{"0":0,"1":0,"2":0,"3":0,"4":0,"5":0,"6":0,"7":0,"8":0,"9":0,"10":0,"11":0,"12":0,"13":0,"14":0,"15":0}}
,"/Users/mattia/Desktop/kbc-icp-incubator-library/src/utils/SignerUtils.ts": {"path":"/Users/mattia/Desktop/kbc-icp-incubator-library/src/utils/SignerUtils.ts","all":true,"statementMap":{"0":{"start":{"line":1,"column":0},"end":{"line":1,"column":60}},"1":{"start":{"line":2,"column":0},"end":{"line":2,"column":48}},"2":{"start":{"line":3,"column":0},"end":{"line":3,"column":0}},"3":{"start":{"line":4,"column":0},"end":{"line":4,"column":26}},"4":{"start":{"line":5,"column":0},"end":{"line":5,"column":81}},"5":{"start":{"line":6,"column":0},"end":{"line":6,"column":71}},"6":{"start":{"line":7,"column":0},"end":{"line":7,"column":48}},"7":{"start":{"line":8,"column":0},"end":{"line":8,"column":5}},"8":{"start":{"line":9,"column":0},"end":{"line":9,"column":0}},"9":{"start":{"line":10,"column":0},"end":{"line":10,"column":84}},"10":{"start":{"line":11,"column":0},"end":{"line":11,"column":76}},"11":{"start":{"line":12,"column":0},"end":{"line":12,"column":36}},"12":{"start":{"line":13,"column":0},"end":{"line":13,"column":5}},"13":{"start":{"line":14,"column":0},"end":{"line":14,"column":1}}},"s":{"0":0,"1":0,"2":0,"3":0,"4":0,"5":0,"6":0,"7":0,"8":0,"9":0,"10":0,"11":0,"12":0,"13":0},"branchMap":{"0":{"type":"branch","line":1,"loc":{"start":{"line":1,"column":0},"end":{"line":14,"column":1}},"locations":[{"start":{"line":1,"column":0},"end":{"line":14,"column":1}}]}},"b":{"0":[0]},"fnMap":{"0":{"name":"(empty-report)","decl":{"start":{"line":1,"column":0},"end":{"line":14,"column":1}},"loc":{"start":{"line":1,"column":0},"end":{"line":14,"column":1}},"line":1}},"f":{"0":0}}
,"/Users/mattia/Desktop/kbc-icp-incubator-library/src/utils/handleCanisterError.ts": {"path":"/Users/mattia/Desktop/kbc-icp-incubator-library/src/utils/handleCanisterError.ts","all":false,"statementMap":{"0":{"start":{"line":1,"column":0},"end":{"line":1,"column":48}},"1":{"start":{"line":2,"column":0},"end":{"line":2,"column":8}},"2":{"start":{"line":3,"column":0},"end":{"line":3,"column":33}},"3":{"start":{"line":4,"column":0},"end":{"line":4,"column":26}},"4":{"start":{"line":5,"column":0},"end":{"line":5,"column":26}},"5":{"start":{"line":6,"column":0},"end":{"line":6,"column":26}},"6":{"start":{"line":7,"column":0},"end":{"line":7,"column":23}},"7":{"start":{"line":8,"column":0},"end":{"line":8,"column":28}},"8":{"start":{"line":9,"column":0},"end":{"line":9,"column":23}},"9":{"start":{"line":10,"column":0},"end":{"line":10,"column":31}},"10":{"start":{"line":11,"column":0},"end":{"line":11,"column":28}},"11":{"start":{"line":12,"column":0},"end":{"line":12,"column":23}},"12":{"start":{"line":13,"column":0},"end":{"line":13,"column":28}},"13":{"start":{"line":14,"column":0},"end":{"line":14,"column":30}},"14":{"start":{"line":15,"column":0},"end":{"line":15,"column":33}},"15":{"start":{"line":16,"column":0},"end":{"line":16,"column":20}},"16":{"start":{"line":17,"column":0},"end":{"line":17,"column":40}},"17":{"start":{"line":18,"column":0},"end":{"line":18,"column":31}},"18":{"start":{"line":19,"column":0},"end":{"line":19,"column":39}},"19":{"start":{"line":20,"column":0},"end":{"line":20,"column":36}},"20":{"start":{"line":21,"column":0},"end":{"line":21,"column":30}},"21":{"start":{"line":22,"column":0},"end":{"line":22,"column":26}},"22":{"start":{"line":23,"column":0},"end":{"line":23,"column":40}},"23":{"start":{"line":24,"column":0},"end":{"line":24,"column":38}},"24":{"start":{"line":25,"column":0},"end":{"line":25,"column":28}},"25":{"start":{"line":26,"column":0},"end":{"line":26,"column":0}},"26":{"start":{"line":27,"column":0},"end":{"line":27,"column":30}},"27":{"start":{"line":28,"column":0},"end":{"line":28,"column":45}},"28":{"start":{"line":29,"column":0},"end":{"line":29,"column":57}},"29":{"start":{"line":30,"column":0},"end":{"line":30,"column":51}},"30":{"start":{"line":31,"column":0},"end":{"line":31,"column":62}},"31":{"start":{"line":32,"column":0},"end":{"line":32,"column":58}},"32":{"start":{"line":33,"column":0},"end":{"line":33,"column":72}},"33":{"start":{"line":34,"column":0},"end":{"line":34,"column":58}},"34":{"start":{"line":35,"column":0},"end":{"line":35,"column":52}},"35":{"start":{"line":36,"column":0},"end":{"line":36,"column":52}},"36":{"start":{"line":37,"column":0},"end":{"line":37,"column":58}},"37":{"start":{"line":38,"column":0},"end":{"line":38,"column":62}},"38":{"start":{"line":39,"column":0},"end":{"line":39,"column":68}},"39":{"start":{"line":40,"column":0},"end":{"line":40,"column":73}},"40":{"start":{"line":41,"column":0},"end":{"line":41,"column":58}},"41":{"start":{"line":42,"column":0},"end":{"line":42,"column":64}},"42":{"start":{"line":43,"column":0},"end":{"line":43,"column":69}},"43":{"start":{"line":44,"column":0},"end":{"line":44,"column":79}},"44":{"start":{"line":45,"column":0},"end":{"line":45,"column":87}},"45":{"start":{"line":46,"column":0},"end":{"line":46,"column":85}},"46":{"start":{"line":47,"column":0},"end":{"line":47,"column":79}},"47":{"start":{"line":48,"column":0},"end":{"line":48,"column":92}},"48":{"start":{"line":49,"column":0},"end":{"line":49,"column":65}},"49":{"start":{"line":50,"column":0},"end":{"line":50,"column":2}},"50":{"start":{"line":51,"column":0},"end":{"line":51,"column":56}},"51":{"start":{"line":52,"column":0},"end":{"line":52,"column":38}},"52":{"start":{"line":53,"column":0},"end":{"line":53,"column":72}},"53":{"start":{"line":54,"column":0},"end":{"line":54,"column":61}},"54":{"start":{"line":55,"column":0},"end":{"line":55,"column":7}},"55":{"start":{"line":56,"column":0},"end":{"line":56,"column":16}},"56":{"start":{"line":57,"column":0},"end":{"line":57,"column":2}}},"s":{"0":1,"1":1,"2":1,"3":1,"4":1,"5":1,"6":1,"7":1,"8":1,"9":1,"10":1,"11":1,"12":1,"13":1,"14":1,"15":1,"16":1,"17":1,"18":1,"19":1,"20":1,"21":1,"22":1,"23":1,"24":1,"25":1,"26":1,"27":1,"28":1,"29":1,"30":1,"31":1,"32":1,"33":1,"34":1,"35":1,"36":1,"37":1,"38":1,"39":1,"40":1,"41":1,"42":1,"43":1,"44":1,"45":1,"46":1,"47":1,"48":1,"49":1,"50":1,"51":0,"52":0,"53":0,"54":0,"55":0,"56":0},"branchMap":{},"b":{},"fnMap":{"0":{"name":"handleCanisterError","decl":{"start":{"line":51,"column":35},"end":{"line":57,"column":2}},"loc":{"start":{"line":51,"column":35},"end":{"line":57,"column":2}},"line":51}},"f":{"0":0}}
,"/Users/mattia/Desktop/kbc-icp-incubator-library/src/utils/utils.ts": {"path":"/Users/mattia/Desktop/kbc-icp-incubator-library/src/utils/utils.ts","all":true,"statementMap":{"0":{"start":{"line":1,"column":0},"end":{"line":1,"column":33}},"1":{"start":{"line":2,"column":0},"end":{"line":2,"column":47}},"2":{"start":{"line":3,"column":0},"end":{"line":3,"column":63}},"3":{"start":{"line":4,"column":0},"end":{"line":4,"column":0}},"4":{"start":{"line":5,"column":0},"end":{"line":5,"column":47}},"5":{"start":{"line":6,"column":0},"end":{"line":6,"column":33}},"6":{"start":{"line":7,"column":0},"end":{"line":7,"column":22}},"7":{"start":{"line":8,"column":0},"end":{"line":8,"column":14}},"8":{"start":{"line":9,"column":0},"end":{"line":9,"column":90}},"9":{"start":{"line":10,"column":0},"end":{"line":10,"column":20}},"10":{"start":{"line":11,"column":0},"end":{"line":11,"column":2}},"11":{"start":{"line":12,"column":0},"end":{"line":12,"column":0}},"12":{"start":{"line":13,"column":0},"end":{"line":13,"column":44}},"13":{"start":{"line":14,"column":0},"end":{"line":14,"column":17}},"14":{"start":{"line":15,"column":0},"end":{"line":15,"column":50}},"15":{"start":{"line":16,"column":0},"end":{"line":16,"column":92}},"16":{"start":{"line":17,"column":0},"end":{"line":17,"column":27}},"17":{"start":{"line":18,"column":0},"end":{"line":18,"column":6}},"18":{"start":{"line":19,"column":0},"end":{"line":19,"column":0}},"19":{"start":{"line":20,"column":0},"end":{"line":20,"column":66}},"20":{"start":{"line":21,"column":0},"end":{"line":21,"column":20}},"21":{"start":{"line":22,"column":0},"end":{"line":22,"column":15}},"22":{"start":{"line":23,"column":0},"end":{"line":23,"column":35}},"23":{"start":{"line":24,"column":0},"end":{"line":24,"column":15}},"24":{"start":{"line":25,"column":0},"end":{"line":25,"column":35}},"25":{"start":{"line":26,"column":0},"end":{"line":26,"column":16}},"26":{"start":{"line":27,"column":0},"end":{"line":27,"column":28}},"27":{"start":{"line":28,"column":0},"end":{"line":28,"column":97}},"28":{"start":{"line":29,"column":0},"end":{"line":29,"column":14}},"29":{"start":{"line":30,"column":0},"end":{"line":30,"column":5}},"30":{"start":{"line":31,"column":0},"end":{"line":31,"column":2}},"31":{"start":{"line":32,"column":0},"end":{"line":32,"column":0}},"32":{"start":{"line":33,"column":0},"end":{"line":33,"column":82}},"33":{"start":{"line":34,"column":0},"end":{"line":34,"column":20}},"34":{"start":{"line":35,"column":0},"end":{"line":35,"column":15}},"35":{"start":{"line":36,"column":0},"end":{"line":36,"column":49}},"36":{"start":{"line":37,"column":0},"end":{"line":37,"column":15}},"37":{"start":{"line":38,"column":0},"end":{"line":38,"column":45}},"38":{"start":{"line":39,"column":0},"end":{"line":39,"column":15}},"39":{"start":{"line":40,"column":0},"end":{"line":40,"column":47}},"40":{"start":{"line":41,"column":0},"end":{"line":41,"column":16}},"41":{"start":{"line":42,"column":0},"end":{"line":42,"column":28}},"42":{"start":{"line":43,"column":0},"end":{"line":43,"column":105}},"43":{"start":{"line":44,"column":0},"end":{"line":44,"column":14}},"44":{"start":{"line":45,"column":0},"end":{"line":45,"column":5}},"45":{"start":{"line":46,"column":0},"end":{"line":46,"column":2}},"46":{"start":{"line":47,"column":0},"end":{"line":47,"column":0}},"47":{"start":{"line":48,"column":0},"end":{"line":48,"column":32}},"48":{"start":{"line":49,"column":0},"end":{"line":49,"column":11}},"49":{"start":{"line":50,"column":0},"end":{"line":50,"column":12}},"50":{"start":{"line":51,"column":0},"end":{"line":51,"column":14}},"51":{"start":{"line":52,"column":0},"end":{"line":52,"column":14}},"52":{"start":{"line":53,"column":0},"end":{"line":53,"column":14}},"53":{"start":{"line":54,"column":0},"end":{"line":54,"column":14}},"54":{"start":{"line":55,"column":0},"end":{"line":55,"column":12}},"55":{"start":{"line":56,"column":0},"end":{"line":56,"column":18}},"56":{"start":{"line":57,"column":0},"end":{"line":57,"column":0}},"57":{"start":{"line":58,"column":0},"end":{"line":58,"column":38}},"58":{"start":{"line":59,"column":0},"end":{"line":59,"column":23}},"59":{"start":{"line":60,"column":0},"end":{"line":60,"column":44}},"60":{"start":{"line":61,"column":0},"end":{"line":61,"column":14}},"61":{"start":{"line":62,"column":0},"end":{"line":62,"column":60}},"62":{"start":{"line":63,"column":0},"end":{"line":63,"column":71}},"63":{"start":{"line":64,"column":0},"end":{"line":64,"column":43}},"64":{"start":{"line":65,"column":0},"end":{"line":65,"column":2}}},"s":{"0":0,"1":0,"2":0,"3":0,"4":0,"5":0,"6":0,"7":0,"8":0,"9":0,"10":0,"11":0,"12":0,"13":0,"14":0,"15":0,"16":0,"17":0,"18":0,"19":0,"20":0,"21":0,"22":0,"23":0,"24":0,"25":0,"26":0,"27":0,"28":0,"29":0,"30":0,"31":0,"32":0,"33":0,"34":0,"35":0,"36":0,"37":0,"38":0,"39":0,"40":0,"41":0,"42":0,"43":0,"44":0,"45":0,"46":0,"47":0,"48":0,"49":0,"50":0,"51":0,"52":0,"53":0,"54":0,"55":0,"56":0,"57":0,"58":0,"59":0,"60":0,"61":0,"62":0,"63":0,"64":0},"branchMap":{"0":{"type":"branch","line":1,"loc":{"start":{"line":1,"column":0},"end":{"line":65,"column":2}},"locations":[{"start":{"line":1,"column":0},"end":{"line":65,"column":2}}]}},"b":{"0":[0]},"fnMap":{"0":{"name":"(empty-report)","decl":{"start":{"line":1,"column":0},"end":{"line":65,"column":2}},"loc":{"start":{"line":1,"column":0},"end":{"line":65,"column":2}},"line":1}},"f":{"0":0}}
}
